<?xml version="1.0" encoding="UTF-8"?>
<robot generator="Robot 3.2.1 (Python 3.8.3 on darwin)" generated="20200716 23:22:07.413" rpa="false">
<suite id="s1" name="VerifyAllValidationsForLoginTest" source="/Users/Gieno/Documents/workspace/optimy/src/suite/VerifyAllValidationsForLoginTest.robot">
<test id="s1-t1" name="Scenario: Login page negative test">
<kw name="Login Page Setup" library="login_page" type="setup">
<kw name="Run Keyword" library="BuiltIn">
<doc>Executes the given keyword with the given arguments.</doc>
<arguments>
<arg>Browser Is Launched</arg>
</arguments>
<kw name="Browser Is Launched" library="config">
<kw name="Open Browser" library="Selenium2Library">
<doc>Opens a new browser instance to the optional ``url``.</doc>
<arguments>
<arg>${LOGIN_URL}</arg>
<arg>${BROWSER}</arg>
</arguments>
<msg timestamp="20200716 23:22:07.705" level="INFO">Opening browser 'firefox' to base url 'https://login.optimyapp.com/'.</msg>
<msg timestamp="20200716 23:22:07.706" level="INFO">Firefox driver log is always forced to to: /Users/Gieno/Documents/workspace/optimy/geckodriver-1.log</msg>
<status status="PASS" starttime="20200716 23:22:07.705" endtime="20200716 23:22:18.397"></status>
</kw>
<kw name="Set Selenium Speed" library="Selenium2Library">
<doc>Sets the delay that is waited after each Selenium command.</doc>
<arguments>
<arg>.5</arg>
</arguments>
<status status="PASS" starttime="20200716 23:22:18.397" endtime="20200716 23:22:18.398"></status>
</kw>
<kw name="Set Window Size" library="Selenium2Library">
<doc>Sets current windows size to given ``width`` and ``height``.</doc>
<arguments>
<arg>1024</arg>
<arg>800</arg>
</arguments>
<status status="PASS" starttime="20200716 23:22:18.398" endtime="20200716 23:22:23.972"></status>
</kw>
<status status="PASS" starttime="20200716 23:22:07.704" endtime="20200716 23:22:23.972"></status>
</kw>
<status status="PASS" starttime="20200716 23:22:07.704" endtime="20200716 23:22:23.972"></status>
</kw>
<status status="PASS" starttime="20200716 23:22:07.704" endtime="20200716 23:22:23.973"></status>
</kw>
<kw name="Scenario: Login page negative test" library="login_page">
<arguments>
<arg>${EMPTY}</arg>
<arg>${EMPTY}</arg>
<arg>This field is required.</arg>
<arg>This field is required.</arg>
<arg>${EMPTY}</arg>
</arguments>
<kw name="Given User is currently at Login page" library="login_page">
<kw name="Title Should Be" library="Selenium2Library">
<doc>Verifies that the current page title equals ``title``.</doc>
<arguments>
<arg>Optimy login</arg>
</arguments>
<msg timestamp="20200716 23:22:24.484" level="INFO">Page title is 'Optimy login'.</msg>
<status status="PASS" starttime="20200716 23:22:23.976" endtime="20200716 23:22:24.484"></status>
</kw>
<status status="PASS" starttime="20200716 23:22:23.975" endtime="20200716 23:22:24.485"></status>
</kw>
<kw name="When User inputs ${email} as email address" library="login_page">
<kw name="Set Test Variable" library="BuiltIn">
<doc>Makes a variable available everywhere within the scope of the current test.</doc>
<arguments>
<arg>${email}</arg>
<arg>${email_value}</arg>
</arguments>
<msg timestamp="20200716 23:22:24.487" level="INFO">${email} = </msg>
<status status="PASS" starttime="20200716 23:22:24.486" endtime="20200716 23:22:24.487"></status>
</kw>
<kw name="Input Text" library="Selenium2Library">
<doc>Types the given ``text`` into the text field identified by ``locator``.</doc>
<arguments>
<arg>${EMAIL_FIELD}</arg>
<arg>${email_value}</arg>
</arguments>
<msg timestamp="20200716 23:22:24.488" level="INFO">Typing text '' into text field '//input[contains(@class, 'email') and @autocomplete='on']'.</msg>
<status status="PASS" starttime="20200716 23:22:24.487" endtime="20200716 23:22:26.030"></status>
</kw>
<status status="PASS" starttime="20200716 23:22:24.485" endtime="20200716 23:22:26.030"></status>
</kw>
<kw name="And User inputs ${password} as password" library="login_page">
<kw name="Set Test Variable" library="BuiltIn">
<doc>Makes a variable available everywhere within the scope of the current test.</doc>
<arguments>
<arg>${password}</arg>
<arg>${password_value}</arg>
</arguments>
<msg timestamp="20200716 23:22:26.034" level="INFO">${password} = </msg>
<status status="PASS" starttime="20200716 23:22:26.032" endtime="20200716 23:22:26.034"></status>
</kw>
<kw name="Input Text" library="Selenium2Library">
<doc>Types the given ``text`` into the text field identified by ``locator``.</doc>
<arguments>
<arg>${PASSWORD_FIELD}</arg>
<arg>${password_value}</arg>
</arguments>
<msg timestamp="20200716 23:22:26.034" level="INFO">Typing text '' into text field '//input[@type='password']'.</msg>
<status status="PASS" starttime="20200716 23:22:26.034" endtime="20200716 23:22:27.583"></status>
</kw>
<status status="PASS" starttime="20200716 23:22:26.031" endtime="20200716 23:22:27.583"></status>
</kw>
<kw name="And Clicks the login button" library="login_page">
<kw name="Click Element" library="Selenium2Library">
<doc>Click the element identified by ``locator``.</doc>
<arguments>
<arg>${LOGIN_BTN}</arg>
</arguments>
<msg timestamp="20200716 23:22:27.585" level="INFO">Clicking element '//button[contains(text(), 'Login')]'.</msg>
<status status="PASS" starttime="20200716 23:22:27.584" endtime="20200716 23:22:28.857"></status>
</kw>
<status status="PASS" starttime="20200716 23:22:27.584" endtime="20200716 23:22:28.858"></status>
</kw>
<kw name="Then Verify the error message for email field is ${email_inline_error_message}" library="login_page">
<kw name="Set Test Variable" library="BuiltIn">
<doc>Makes a variable available everywhere within the scope of the current test.</doc>
<arguments>
<arg>${email_inline_error_message}</arg>
<arg>${email_inline_error_value}</arg>
</arguments>
<msg timestamp="20200716 23:22:28.861" level="INFO">${email_inline_error_message} = This field is required.</msg>
<status status="PASS" starttime="20200716 23:22:28.859" endtime="20200716 23:22:28.861"></status>
</kw>
<kw name="Run Keyword And Return Status" library="BuiltIn">
<doc>Runs the given keyword with given arguments and returns the status as a Boolean value.</doc>
<arguments>
<arg>Wait Until Element Is Visible</arg>
<arg>${EMAIL_INLINE_ERROR}</arg>
<arg>10</arg>
</arguments>
<assign>
<var>${inline_error_present}</var>
</assign>
<kw name="Wait Until Element Is Visible" library="Selenium2Library">
<doc>Waits until the element ``locator`` is visible.</doc>
<arguments>
<arg>${EMAIL_INLINE_ERROR}</arg>
<arg>10</arg>
</arguments>
<status status="PASS" starttime="20200716 23:22:28.862" endtime="20200716 23:22:29.897"></status>
</kw>
<msg timestamp="20200716 23:22:29.897" level="INFO">${inline_error_present} = True</msg>
<status status="PASS" starttime="20200716 23:22:28.861" endtime="20200716 23:22:29.897"></status>
</kw>
<kw name="Run Keyword If" library="BuiltIn">
<doc>Runs the given keyword with the given arguments, if ``condition`` is true.</doc>
<arguments>
<arg>${inline_error_present}</arg>
<arg>Element Text Should Be</arg>
<arg>${EMAIL_INLINE_ERROR}</arg>
<arg>${email_inline_error_value}</arg>
</arguments>
<kw name="Element Text Should Be" library="Selenium2Library">
<doc>Verifies that element ``locator`` contains exact the text ``expected``.</doc>
<arguments>
<arg>${EMAIL_INLINE_ERROR}</arg>
<arg>${email_inline_error_value}</arg>
</arguments>
<msg timestamp="20200716 23:22:29.899" level="INFO">Verifying element '//span[@for='email']' contains exact text 'This field is required.'.</msg>
<status status="PASS" starttime="20200716 23:22:29.898" endtime="20200716 23:22:30.928"></status>
</kw>
<status status="PASS" starttime="20200716 23:22:29.898" endtime="20200716 23:22:30.928"></status>
</kw>
<status status="PASS" starttime="20200716 23:22:28.858" endtime="20200716 23:22:30.929"></status>
</kw>
<kw name="And Verify the error message for password field is ${password_inline_error_message}" library="login_page">
<kw name="Set Test Variable" library="BuiltIn">
<doc>Makes a variable available everywhere within the scope of the current test.</doc>
<arguments>
<arg>${password_inline_error_message}</arg>
<arg>${password_inline_error_value}</arg>
</arguments>
<msg timestamp="20200716 23:22:30.932" level="INFO">${password_inline_error_message} = This field is required.</msg>
<status status="PASS" starttime="20200716 23:22:30.930" endtime="20200716 23:22:30.932"></status>
</kw>
<kw name="Run Keyword And Return Status" library="BuiltIn">
<doc>Runs the given keyword with given arguments and returns the status as a Boolean value.</doc>
<arguments>
<arg>Wait Until Element Is Visible</arg>
<arg>${PASSWORD_INLINE_ERROR}</arg>
<arg>10</arg>
</arguments>
<assign>
<var>${inline_error_present}</var>
</assign>
<kw name="Wait Until Element Is Visible" library="Selenium2Library">
<doc>Waits until the element ``locator`` is visible.</doc>
<arguments>
<arg>${PASSWORD_INLINE_ERROR}</arg>
<arg>10</arg>
</arguments>
<status status="PASS" starttime="20200716 23:22:30.933" endtime="20200716 23:22:31.957"></status>
</kw>
<msg timestamp="20200716 23:22:31.957" level="INFO">${inline_error_present} = True</msg>
<status status="PASS" starttime="20200716 23:22:30.932" endtime="20200716 23:22:31.957"></status>
</kw>
<kw name="Run Keyword If" library="BuiltIn">
<doc>Runs the given keyword with the given arguments, if ``condition`` is true.</doc>
<arguments>
<arg>${inline_error_present}</arg>
<arg>Element Text Should Be</arg>
<arg>${PASSWORD_INLINE_ERROR}</arg>
<arg>${password_inline_error_value}</arg>
</arguments>
<kw name="Element Text Should Be" library="Selenium2Library">
<doc>Verifies that element ``locator`` contains exact the text ``expected``.</doc>
<arguments>
<arg>${PASSWORD_INLINE_ERROR}</arg>
<arg>${password_inline_error_value}</arg>
</arguments>
<msg timestamp="20200716 23:22:31.958" level="INFO">Verifying element '//span[@for='password']' contains exact text 'This field is required.'.</msg>
<status status="PASS" starttime="20200716 23:22:31.957" endtime="20200716 23:22:32.979"></status>
</kw>
<status status="PASS" starttime="20200716 23:22:31.957" endtime="20200716 23:22:32.979"></status>
</kw>
<status status="PASS" starttime="20200716 23:22:30.929" endtime="20200716 23:22:32.979"></status>
</kw>
<kw name="And Verify the error message from server is ${server_error_message}" library="login_page">
<kw name="Set Test Variable" library="BuiltIn">
<doc>Makes a variable available everywhere within the scope of the current test.</doc>
<arguments>
<arg>${server_error_message}</arg>
<arg>${server_error_value}</arg>
</arguments>
<msg timestamp="20200716 23:22:32.982" level="INFO">${server_error_message} = </msg>
<status status="PASS" starttime="20200716 23:22:32.981" endtime="20200716 23:22:32.982"></status>
</kw>
<kw name="Run Keyword And Return Status" library="BuiltIn">
<doc>Runs the given keyword with given arguments and returns the status as a Boolean value.</doc>
<arguments>
<arg>Wait Until Element Is Visible</arg>
<arg>${SERVER_ERROR}</arg>
<arg>10</arg>
</arguments>
<assign>
<var>${server_error_present}</var>
</assign>
<kw name="Wait Until Element Is Visible" library="Selenium2Library">
<doc>Waits until the element ``locator`` is visible.</doc>
<arguments>
<arg>${SERVER_ERROR}</arg>
<arg>10</arg>
</arguments>
<kw name="Capture Page Screenshot" library="Selenium2Library">
<doc>Takes a screenshot of the current page and embeds it into a log file.</doc>
<msg timestamp="20200716 23:22:44.273" level="INFO" html="yes">&lt;/td&gt;&lt;/tr&gt;&lt;tr&gt;&lt;td colspan="3"&gt;&lt;a href="selenium-screenshot-1.png"&gt;&lt;img src="selenium-screenshot-1.png" width="800px"&gt;&lt;/a&gt;</msg>
<status status="PASS" starttime="20200716 23:22:43.652" endtime="20200716 23:22:44.273"></status>
</kw>
<msg timestamp="20200716 23:22:44.277" level="FAIL">Element '//div[(contains(@class, 'alert-optimy-error') and not(contains(@class, 'hidden')))]' not visible after 10 seconds.</msg>
<status status="FAIL" starttime="20200716 23:22:32.983" endtime="20200716 23:22:44.277"></status>
</kw>
<msg timestamp="20200716 23:22:44.277" level="INFO">${server_error_present} = False</msg>
<status status="PASS" starttime="20200716 23:22:32.983" endtime="20200716 23:22:44.277"></status>
</kw>
<kw name="Run Keyword If" library="BuiltIn">
<doc>Runs the given keyword with the given arguments, if ``condition`` is true.</doc>
<arguments>
<arg>${server_error_present}</arg>
<arg>Element Text Should Be</arg>
<arg>${SERVER_ERROR}</arg>
<arg>${server_error_value}</arg>
</arguments>
<status status="PASS" starttime="20200716 23:22:44.278" endtime="20200716 23:22:44.278"></status>
</kw>
<status status="PASS" starttime="20200716 23:22:32.980" endtime="20200716 23:22:44.278"></status>
</kw>
<kw name="Capture Page Screenshot" library="Selenium2Library">
<doc>Takes a screenshot of the current page and embeds it into a log file.</doc>
<msg timestamp="20200716 23:22:44.903" level="INFO" html="yes">&lt;/td&gt;&lt;/tr&gt;&lt;tr&gt;&lt;td colspan="3"&gt;&lt;a href="selenium-screenshot-2.png"&gt;&lt;img src="selenium-screenshot-2.png" width="800px"&gt;&lt;/a&gt;</msg>
<status status="PASS" starttime="20200716 23:22:44.278" endtime="20200716 23:22:44.903"></status>
</kw>
<status status="PASS" starttime="20200716 23:22:23.973" endtime="20200716 23:22:44.903"></status>
</kw>
<kw name="Scenario: Login page negative test" library="login_page">
<arguments>
<arg>valid@format.com</arg>
<arg>${EMPTY}</arg>
<arg>${EMPTY}</arg>
<arg>This field is required.</arg>
<arg>${EMPTY}</arg>
</arguments>
<kw name="Given User is currently at Login page" library="login_page">
<kw name="Title Should Be" library="Selenium2Library">
<doc>Verifies that the current page title equals ``title``.</doc>
<arguments>
<arg>Optimy login</arg>
</arguments>
<msg timestamp="20200716 23:22:45.412" level="INFO">Page title is 'Optimy login'.</msg>
<status status="PASS" starttime="20200716 23:22:44.905" endtime="20200716 23:22:45.413"></status>
</kw>
<status status="PASS" starttime="20200716 23:22:44.905" endtime="20200716 23:22:45.413"></status>
</kw>
<kw name="When User inputs ${email} as email address" library="login_page">
<kw name="Set Test Variable" library="BuiltIn">
<doc>Makes a variable available everywhere within the scope of the current test.</doc>
<arguments>
<arg>${email}</arg>
<arg>${email_value}</arg>
</arguments>
<msg timestamp="20200716 23:22:45.415" level="INFO">${email} = valid@format.com</msg>
<status status="PASS" starttime="20200716 23:22:45.414" endtime="20200716 23:22:45.415"></status>
</kw>
<kw name="Input Text" library="Selenium2Library">
<doc>Types the given ``text`` into the text field identified by ``locator``.</doc>
<arguments>
<arg>${EMAIL_FIELD}</arg>
<arg>${email_value}</arg>
</arguments>
<msg timestamp="20200716 23:22:45.415" level="INFO">Typing text 'valid@format.com' into text field '//input[contains(@class, 'email') and @autocomplete='on']'.</msg>
<status status="PASS" starttime="20200716 23:22:45.415" endtime="20200716 23:22:47.017"></status>
</kw>
<status status="PASS" starttime="20200716 23:22:45.413" endtime="20200716 23:22:47.018"></status>
</kw>
<kw name="And User inputs ${password} as password" library="login_page">
<kw name="Set Test Variable" library="BuiltIn">
<doc>Makes a variable available everywhere within the scope of the current test.</doc>
<arguments>
<arg>${password}</arg>
<arg>${password_value}</arg>
</arguments>
<msg timestamp="20200716 23:22:47.021" level="INFO">${password} = </msg>
<status status="PASS" starttime="20200716 23:22:47.020" endtime="20200716 23:22:47.021"></status>
</kw>
<kw name="Input Text" library="Selenium2Library">
<doc>Types the given ``text`` into the text field identified by ``locator``.</doc>
<arguments>
<arg>${PASSWORD_FIELD}</arg>
<arg>${password_value}</arg>
</arguments>
<msg timestamp="20200716 23:22:47.021" level="INFO">Typing text '' into text field '//input[@type='password']'.</msg>
<status status="PASS" starttime="20200716 23:22:47.021" endtime="20200716 23:22:48.558"></status>
</kw>
<status status="PASS" starttime="20200716 23:22:47.018" endtime="20200716 23:22:48.559"></status>
</kw>
<kw name="And Clicks the login button" library="login_page">
<kw name="Click Element" library="Selenium2Library">
<doc>Click the element identified by ``locator``.</doc>
<arguments>
<arg>${LOGIN_BTN}</arg>
</arguments>
<msg timestamp="20200716 23:22:48.560" level="INFO">Clicking element '//button[contains(text(), 'Login')]'.</msg>
<status status="PASS" starttime="20200716 23:22:48.560" endtime="20200716 23:22:49.797"></status>
</kw>
<status status="PASS" starttime="20200716 23:22:48.559" endtime="20200716 23:22:49.798"></status>
</kw>
<kw name="Then Verify the error message for email field is ${email_inline_error_message}" library="login_page">
<kw name="Set Test Variable" library="BuiltIn">
<doc>Makes a variable available everywhere within the scope of the current test.</doc>
<arguments>
<arg>${email_inline_error_message}</arg>
<arg>${email_inline_error_value}</arg>
</arguments>
<msg timestamp="20200716 23:22:49.799" level="INFO">${email_inline_error_message} = </msg>
<status status="PASS" starttime="20200716 23:22:49.798" endtime="20200716 23:22:49.799"></status>
</kw>
<kw name="Run Keyword And Return Status" library="BuiltIn">
<doc>Runs the given keyword with given arguments and returns the status as a Boolean value.</doc>
<arguments>
<arg>Wait Until Element Is Visible</arg>
<arg>${EMAIL_INLINE_ERROR}</arg>
<arg>10</arg>
</arguments>
<assign>
<var>${inline_error_present}</var>
</assign>
<kw name="Wait Until Element Is Visible" library="Selenium2Library">
<doc>Waits until the element ``locator`` is visible.</doc>
<arguments>
<arg>${EMAIL_INLINE_ERROR}</arg>
<arg>10</arg>
</arguments>
<kw name="Capture Page Screenshot" library="Selenium2Library">
<doc>Takes a screenshot of the current page and embeds it into a log file.</doc>
<msg timestamp="20200716 23:23:01.465" level="INFO" html="yes">&lt;/td&gt;&lt;/tr&gt;&lt;tr&gt;&lt;td colspan="3"&gt;&lt;a href="selenium-screenshot-3.png"&gt;&lt;img src="selenium-screenshot-3.png" width="800px"&gt;&lt;/a&gt;</msg>
<status status="PASS" starttime="20200716 23:23:00.852" endtime="20200716 23:23:01.466"></status>
</kw>
<msg timestamp="20200716 23:23:01.466" level="FAIL">Element '//span[@for='email']' not visible after 10 seconds.</msg>
<status status="FAIL" starttime="20200716 23:22:49.800" endtime="20200716 23:23:01.466"></status>
</kw>
<msg timestamp="20200716 23:23:01.467" level="INFO">${inline_error_present} = False</msg>
<status status="PASS" starttime="20200716 23:22:49.799" endtime="20200716 23:23:01.467"></status>
</kw>
<kw name="Run Keyword If" library="BuiltIn">
<doc>Runs the given keyword with the given arguments, if ``condition`` is true.</doc>
<arguments>
<arg>${inline_error_present}</arg>
<arg>Element Text Should Be</arg>
<arg>${EMAIL_INLINE_ERROR}</arg>
<arg>${email_inline_error_value}</arg>
</arguments>
<status status="PASS" starttime="20200716 23:23:01.467" endtime="20200716 23:23:01.467"></status>
</kw>
<status status="PASS" starttime="20200716 23:22:49.798" endtime="20200716 23:23:01.468"></status>
</kw>
<kw name="And Verify the error message for password field is ${password_inline_error_message}" library="login_page">
<kw name="Set Test Variable" library="BuiltIn">
<doc>Makes a variable available everywhere within the scope of the current test.</doc>
<arguments>
<arg>${password_inline_error_message}</arg>
<arg>${password_inline_error_value}</arg>
</arguments>
<msg timestamp="20200716 23:23:01.469" level="INFO">${password_inline_error_message} = This field is required.</msg>
<status status="PASS" starttime="20200716 23:23:01.469" endtime="20200716 23:23:01.469"></status>
</kw>
<kw name="Run Keyword And Return Status" library="BuiltIn">
<doc>Runs the given keyword with given arguments and returns the status as a Boolean value.</doc>
<arguments>
<arg>Wait Until Element Is Visible</arg>
<arg>${PASSWORD_INLINE_ERROR}</arg>
<arg>10</arg>
</arguments>
<assign>
<var>${inline_error_present}</var>
</assign>
<kw name="Wait Until Element Is Visible" library="Selenium2Library">
<doc>Waits until the element ``locator`` is visible.</doc>
<arguments>
<arg>${PASSWORD_INLINE_ERROR}</arg>
<arg>10</arg>
</arguments>
<status status="PASS" starttime="20200716 23:23:01.470" endtime="20200716 23:23:02.496"></status>
</kw>
<msg timestamp="20200716 23:23:02.496" level="INFO">${inline_error_present} = True</msg>
<status status="PASS" starttime="20200716 23:23:01.469" endtime="20200716 23:23:02.497"></status>
</kw>
<kw name="Run Keyword If" library="BuiltIn">
<doc>Runs the given keyword with the given arguments, if ``condition`` is true.</doc>
<arguments>
<arg>${inline_error_present}</arg>
<arg>Element Text Should Be</arg>
<arg>${PASSWORD_INLINE_ERROR}</arg>
<arg>${password_inline_error_value}</arg>
</arguments>
<kw name="Element Text Should Be" library="Selenium2Library">
<doc>Verifies that element ``locator`` contains exact the text ``expected``.</doc>
<arguments>
<arg>${PASSWORD_INLINE_ERROR}</arg>
<arg>${password_inline_error_value}</arg>
</arguments>
<msg timestamp="20200716 23:23:02.498" level="INFO">Verifying element '//span[@for='password']' contains exact text 'This field is required.'.</msg>
<status status="PASS" starttime="20200716 23:23:02.498" endtime="20200716 23:23:03.516"></status>
</kw>
<status status="PASS" starttime="20200716 23:23:02.497" endtime="20200716 23:23:03.516"></status>
</kw>
<status status="PASS" starttime="20200716 23:23:01.468" endtime="20200716 23:23:03.516"></status>
</kw>
<kw name="And Verify the error message from server is ${server_error_message}" library="login_page">
<kw name="Set Test Variable" library="BuiltIn">
<doc>Makes a variable available everywhere within the scope of the current test.</doc>
<arguments>
<arg>${server_error_message}</arg>
<arg>${server_error_value}</arg>
</arguments>
<msg timestamp="20200716 23:23:03.519" level="INFO">${server_error_message} = </msg>
<status status="PASS" starttime="20200716 23:23:03.518" endtime="20200716 23:23:03.519"></status>
</kw>
<kw name="Run Keyword And Return Status" library="BuiltIn">
<doc>Runs the given keyword with given arguments and returns the status as a Boolean value.</doc>
<arguments>
<arg>Wait Until Element Is Visible</arg>
<arg>${SERVER_ERROR}</arg>
<arg>10</arg>
</arguments>
<assign>
<var>${server_error_present}</var>
</assign>
<kw name="Wait Until Element Is Visible" library="Selenium2Library">
<doc>Waits until the element ``locator`` is visible.</doc>
<arguments>
<arg>${SERVER_ERROR}</arg>
<arg>10</arg>
</arguments>
<kw name="Capture Page Screenshot" library="Selenium2Library">
<doc>Takes a screenshot of the current page and embeds it into a log file.</doc>
<msg timestamp="20200716 23:23:14.789" level="INFO" html="yes">&lt;/td&gt;&lt;/tr&gt;&lt;tr&gt;&lt;td colspan="3"&gt;&lt;a href="selenium-screenshot-4.png"&gt;&lt;img src="selenium-screenshot-4.png" width="800px"&gt;&lt;/a&gt;</msg>
<status status="PASS" starttime="20200716 23:23:14.175" endtime="20200716 23:23:14.789"></status>
</kw>
<msg timestamp="20200716 23:23:14.790" level="FAIL">Element '//div[(contains(@class, 'alert-optimy-error') and not(contains(@class, 'hidden')))]' not visible after 10 seconds.</msg>
<status status="FAIL" starttime="20200716 23:23:03.520" endtime="20200716 23:23:14.790"></status>
</kw>
<msg timestamp="20200716 23:23:14.790" level="INFO">${server_error_present} = False</msg>
<status status="PASS" starttime="20200716 23:23:03.519" endtime="20200716 23:23:14.790"></status>
</kw>
<kw name="Run Keyword If" library="BuiltIn">
<doc>Runs the given keyword with the given arguments, if ``condition`` is true.</doc>
<arguments>
<arg>${server_error_present}</arg>
<arg>Element Text Should Be</arg>
<arg>${SERVER_ERROR}</arg>
<arg>${server_error_value}</arg>
</arguments>
<status status="PASS" starttime="20200716 23:23:14.791" endtime="20200716 23:23:14.791"></status>
</kw>
<status status="PASS" starttime="20200716 23:23:03.517" endtime="20200716 23:23:14.791"></status>
</kw>
<kw name="Capture Page Screenshot" library="Selenium2Library">
<doc>Takes a screenshot of the current page and embeds it into a log file.</doc>
<msg timestamp="20200716 23:23:15.430" level="INFO" html="yes">&lt;/td&gt;&lt;/tr&gt;&lt;tr&gt;&lt;td colspan="3"&gt;&lt;a href="selenium-screenshot-5.png"&gt;&lt;img src="selenium-screenshot-5.png" width="800px"&gt;&lt;/a&gt;</msg>
<status status="PASS" starttime="20200716 23:23:14.791" endtime="20200716 23:23:15.430"></status>
</kw>
<status status="PASS" starttime="20200716 23:22:44.903" endtime="20200716 23:23:15.431"></status>
</kw>
<kw name="Scenario: Login page negative test" library="login_page">
<arguments>
<arg>${EMPTY}</arg>
<arg>pass123</arg>
<arg>This field is required.</arg>
<arg>${EMPTY}</arg>
<arg>${EMPTY}</arg>
</arguments>
<kw name="Given User is currently at Login page" library="login_page">
<kw name="Title Should Be" library="Selenium2Library">
<doc>Verifies that the current page title equals ``title``.</doc>
<arguments>
<arg>Optimy login</arg>
</arguments>
<msg timestamp="20200716 23:23:15.942" level="INFO">Page title is 'Optimy login'.</msg>
<status status="PASS" starttime="20200716 23:23:15.433" endtime="20200716 23:23:15.942"></status>
</kw>
<status status="PASS" starttime="20200716 23:23:15.432" endtime="20200716 23:23:15.942"></status>
</kw>
<kw name="When User inputs ${email} as email address" library="login_page">
<kw name="Set Test Variable" library="BuiltIn">
<doc>Makes a variable available everywhere within the scope of the current test.</doc>
<arguments>
<arg>${email}</arg>
<arg>${email_value}</arg>
</arguments>
<msg timestamp="20200716 23:23:15.944" level="INFO">${email} = </msg>
<status status="PASS" starttime="20200716 23:23:15.944" endtime="20200716 23:23:15.944"></status>
</kw>
<kw name="Input Text" library="Selenium2Library">
<doc>Types the given ``text`` into the text field identified by ``locator``.</doc>
<arguments>
<arg>${EMAIL_FIELD}</arg>
<arg>${email_value}</arg>
</arguments>
<msg timestamp="20200716 23:23:15.945" level="INFO">Typing text '' into text field '//input[contains(@class, 'email') and @autocomplete='on']'.</msg>
<status status="PASS" starttime="20200716 23:23:15.944" endtime="20200716 23:23:17.501"></status>
</kw>
<status status="PASS" starttime="20200716 23:23:15.943" endtime="20200716 23:23:17.502"></status>
</kw>
<kw name="And User inputs ${password} as password" library="login_page">
<kw name="Set Test Variable" library="BuiltIn">
<doc>Makes a variable available everywhere within the scope of the current test.</doc>
<arguments>
<arg>${password}</arg>
<arg>${password_value}</arg>
</arguments>
<msg timestamp="20200716 23:23:17.504" level="INFO">${password} = pass123</msg>
<status status="PASS" starttime="20200716 23:23:17.503" endtime="20200716 23:23:17.504"></status>
</kw>
<kw name="Input Text" library="Selenium2Library">
<doc>Types the given ``text`` into the text field identified by ``locator``.</doc>
<arguments>
<arg>${PASSWORD_FIELD}</arg>
<arg>${password_value}</arg>
</arguments>
<msg timestamp="20200716 23:23:17.505" level="INFO">Typing text 'pass123' into text field '//input[@type='password']'.</msg>
<status status="PASS" starttime="20200716 23:23:17.504" endtime="20200716 23:23:19.065"></status>
</kw>
<status status="PASS" starttime="20200716 23:23:17.502" endtime="20200716 23:23:19.066"></status>
</kw>
<kw name="And Clicks the login button" library="login_page">
<kw name="Click Element" library="Selenium2Library">
<doc>Click the element identified by ``locator``.</doc>
<arguments>
<arg>${LOGIN_BTN}</arg>
</arguments>
<msg timestamp="20200716 23:23:19.068" level="INFO">Clicking element '//button[contains(text(), 'Login')]'.</msg>
<status status="PASS" starttime="20200716 23:23:19.068" endtime="20200716 23:23:20.301"></status>
</kw>
<status status="PASS" starttime="20200716 23:23:19.066" endtime="20200716 23:23:20.301"></status>
</kw>
<kw name="Then Verify the error message for email field is ${email_inline_error_message}" library="login_page">
<kw name="Set Test Variable" library="BuiltIn">
<doc>Makes a variable available everywhere within the scope of the current test.</doc>
<arguments>
<arg>${email_inline_error_message}</arg>
<arg>${email_inline_error_value}</arg>
</arguments>
<msg timestamp="20200716 23:23:20.304" level="INFO">${email_inline_error_message} = This field is required.</msg>
<status status="PASS" starttime="20200716 23:23:20.303" endtime="20200716 23:23:20.304"></status>
</kw>
<kw name="Run Keyword And Return Status" library="BuiltIn">
<doc>Runs the given keyword with given arguments and returns the status as a Boolean value.</doc>
<arguments>
<arg>Wait Until Element Is Visible</arg>
<arg>${EMAIL_INLINE_ERROR}</arg>
<arg>10</arg>
</arguments>
<assign>
<var>${inline_error_present}</var>
</assign>
<kw name="Wait Until Element Is Visible" library="Selenium2Library">
<doc>Waits until the element ``locator`` is visible.</doc>
<arguments>
<arg>${EMAIL_INLINE_ERROR}</arg>
<arg>10</arg>
</arguments>
<status status="PASS" starttime="20200716 23:23:20.304" endtime="20200716 23:23:21.330"></status>
</kw>
<msg timestamp="20200716 23:23:21.331" level="INFO">${inline_error_present} = True</msg>
<status status="PASS" starttime="20200716 23:23:20.304" endtime="20200716 23:23:21.331"></status>
</kw>
<kw name="Run Keyword If" library="BuiltIn">
<doc>Runs the given keyword with the given arguments, if ``condition`` is true.</doc>
<arguments>
<arg>${inline_error_present}</arg>
<arg>Element Text Should Be</arg>
<arg>${EMAIL_INLINE_ERROR}</arg>
<arg>${email_inline_error_value}</arg>
</arguments>
<kw name="Element Text Should Be" library="Selenium2Library">
<doc>Verifies that element ``locator`` contains exact the text ``expected``.</doc>
<arguments>
<arg>${EMAIL_INLINE_ERROR}</arg>
<arg>${email_inline_error_value}</arg>
</arguments>
<msg timestamp="20200716 23:23:21.332" level="INFO">Verifying element '//span[@for='email']' contains exact text 'This field is required.'.</msg>
<status status="PASS" starttime="20200716 23:23:21.331" endtime="20200716 23:23:22.348"></status>
</kw>
<status status="PASS" starttime="20200716 23:23:21.331" endtime="20200716 23:23:22.349"></status>
</kw>
<status status="PASS" starttime="20200716 23:23:20.302" endtime="20200716 23:23:22.349"></status>
</kw>
<kw name="And Verify the error message for password field is ${password_inline_error_message}" library="login_page">
<kw name="Set Test Variable" library="BuiltIn">
<doc>Makes a variable available everywhere within the scope of the current test.</doc>
<arguments>
<arg>${password_inline_error_message}</arg>
<arg>${password_inline_error_value}</arg>
</arguments>
<msg timestamp="20200716 23:23:22.351" level="INFO">${password_inline_error_message} = </msg>
<status status="PASS" starttime="20200716 23:23:22.350" endtime="20200716 23:23:22.351"></status>
</kw>
<kw name="Run Keyword And Return Status" library="BuiltIn">
<doc>Runs the given keyword with given arguments and returns the status as a Boolean value.</doc>
<arguments>
<arg>Wait Until Element Is Visible</arg>
<arg>${PASSWORD_INLINE_ERROR}</arg>
<arg>10</arg>
</arguments>
<assign>
<var>${inline_error_present}</var>
</assign>
<kw name="Wait Until Element Is Visible" library="Selenium2Library">
<doc>Waits until the element ``locator`` is visible.</doc>
<arguments>
<arg>${PASSWORD_INLINE_ERROR}</arg>
<arg>10</arg>
</arguments>
<kw name="Capture Page Screenshot" library="Selenium2Library">
<doc>Takes a screenshot of the current page and embeds it into a log file.</doc>
<msg timestamp="20200716 23:23:34.014" level="INFO" html="yes">&lt;/td&gt;&lt;/tr&gt;&lt;tr&gt;&lt;td colspan="3"&gt;&lt;a href="selenium-screenshot-6.png"&gt;&lt;img src="selenium-screenshot-6.png" width="800px"&gt;&lt;/a&gt;</msg>
<status status="PASS" starttime="20200716 23:23:33.407" endtime="20200716 23:23:34.015"></status>
</kw>
<msg timestamp="20200716 23:23:34.015" level="FAIL">Element '//span[@for='password']' not visible after 10 seconds.</msg>
<status status="FAIL" starttime="20200716 23:23:22.352" endtime="20200716 23:23:34.015"></status>
</kw>
<msg timestamp="20200716 23:23:34.016" level="INFO">${inline_error_present} = False</msg>
<status status="PASS" starttime="20200716 23:23:22.352" endtime="20200716 23:23:34.016"></status>
</kw>
<kw name="Run Keyword If" library="BuiltIn">
<doc>Runs the given keyword with the given arguments, if ``condition`` is true.</doc>
<arguments>
<arg>${inline_error_present}</arg>
<arg>Element Text Should Be</arg>
<arg>${PASSWORD_INLINE_ERROR}</arg>
<arg>${password_inline_error_value}</arg>
</arguments>
<status status="PASS" starttime="20200716 23:23:34.016" endtime="20200716 23:23:34.016"></status>
</kw>
<status status="PASS" starttime="20200716 23:23:22.349" endtime="20200716 23:23:34.017"></status>
</kw>
<kw name="And Verify the error message from server is ${server_error_message}" library="login_page">
<kw name="Set Test Variable" library="BuiltIn">
<doc>Makes a variable available everywhere within the scope of the current test.</doc>
<arguments>
<arg>${server_error_message}</arg>
<arg>${server_error_value}</arg>
</arguments>
<msg timestamp="20200716 23:23:34.018" level="INFO">${server_error_message} = </msg>
<status status="PASS" starttime="20200716 23:23:34.018" endtime="20200716 23:23:34.019"></status>
</kw>
<kw name="Run Keyword And Return Status" library="BuiltIn">
<doc>Runs the given keyword with given arguments and returns the status as a Boolean value.</doc>
<arguments>
<arg>Wait Until Element Is Visible</arg>
<arg>${SERVER_ERROR}</arg>
<arg>10</arg>
</arguments>
<assign>
<var>${server_error_present}</var>
</assign>
<kw name="Wait Until Element Is Visible" library="Selenium2Library">
<doc>Waits until the element ``locator`` is visible.</doc>
<arguments>
<arg>${SERVER_ERROR}</arg>
<arg>10</arg>
</arguments>
<kw name="Capture Page Screenshot" library="Selenium2Library">
<doc>Takes a screenshot of the current page and embeds it into a log file.</doc>
<msg timestamp="20200716 23:23:45.285" level="INFO" html="yes">&lt;/td&gt;&lt;/tr&gt;&lt;tr&gt;&lt;td colspan="3"&gt;&lt;a href="selenium-screenshot-7.png"&gt;&lt;img src="selenium-screenshot-7.png" width="800px"&gt;&lt;/a&gt;</msg>
<status status="PASS" starttime="20200716 23:23:44.672" endtime="20200716 23:23:45.285"></status>
</kw>
<msg timestamp="20200716 23:23:45.286" level="FAIL">Element '//div[(contains(@class, 'alert-optimy-error') and not(contains(@class, 'hidden')))]' not visible after 10 seconds.</msg>
<status status="FAIL" starttime="20200716 23:23:34.019" endtime="20200716 23:23:45.286"></status>
</kw>
<msg timestamp="20200716 23:23:45.286" level="INFO">${server_error_present} = False</msg>
<status status="PASS" starttime="20200716 23:23:34.019" endtime="20200716 23:23:45.286"></status>
</kw>
<kw name="Run Keyword If" library="BuiltIn">
<doc>Runs the given keyword with the given arguments, if ``condition`` is true.</doc>
<arguments>
<arg>${server_error_present}</arg>
<arg>Element Text Should Be</arg>
<arg>${SERVER_ERROR}</arg>
<arg>${server_error_value}</arg>
</arguments>
<status status="PASS" starttime="20200716 23:23:45.286" endtime="20200716 23:23:45.287"></status>
</kw>
<status status="PASS" starttime="20200716 23:23:34.017" endtime="20200716 23:23:45.287"></status>
</kw>
<kw name="Capture Page Screenshot" library="Selenium2Library">
<doc>Takes a screenshot of the current page and embeds it into a log file.</doc>
<msg timestamp="20200716 23:23:45.892" level="INFO" html="yes">&lt;/td&gt;&lt;/tr&gt;&lt;tr&gt;&lt;td colspan="3"&gt;&lt;a href="selenium-screenshot-8.png"&gt;&lt;img src="selenium-screenshot-8.png" width="800px"&gt;&lt;/a&gt;</msg>
<status status="PASS" starttime="20200716 23:23:45.287" endtime="20200716 23:23:45.892"></status>
</kw>
<status status="PASS" starttime="20200716 23:23:15.431" endtime="20200716 23:23:45.892"></status>
</kw>
<kw name="Scenario: Login page negative test" library="login_page">
<arguments>
<arg>invalidemail.com</arg>
<arg>${EMPTY}</arg>
<arg>Please enter a valid email address (e.g.: john.smith@gmail.com).</arg>
<arg>This field is required.</arg>
<arg>${EMPTY}</arg>
</arguments>
<kw name="Given User is currently at Login page" library="login_page">
<kw name="Title Should Be" library="Selenium2Library">
<doc>Verifies that the current page title equals ``title``.</doc>
<arguments>
<arg>Optimy login</arg>
</arguments>
<msg timestamp="20200716 23:23:46.398" level="INFO">Page title is 'Optimy login'.</msg>
<status status="PASS" starttime="20200716 23:23:45.894" endtime="20200716 23:23:46.399"></status>
</kw>
<status status="PASS" starttime="20200716 23:23:45.894" endtime="20200716 23:23:46.399"></status>
</kw>
<kw name="When User inputs ${email} as email address" library="login_page">
<kw name="Set Test Variable" library="BuiltIn">
<doc>Makes a variable available everywhere within the scope of the current test.</doc>
<arguments>
<arg>${email}</arg>
<arg>${email_value}</arg>
</arguments>
<msg timestamp="20200716 23:23:46.400" level="INFO">${email} = invalidemail.com</msg>
<status status="PASS" starttime="20200716 23:23:46.400" endtime="20200716 23:23:46.400"></status>
</kw>
<kw name="Input Text" library="Selenium2Library">
<doc>Types the given ``text`` into the text field identified by ``locator``.</doc>
<arguments>
<arg>${EMAIL_FIELD}</arg>
<arg>${email_value}</arg>
</arguments>
<msg timestamp="20200716 23:23:46.401" level="INFO">Typing text 'invalidemail.com' into text field '//input[contains(@class, 'email') and @autocomplete='on']'.</msg>
<status status="PASS" starttime="20200716 23:23:46.400" endtime="20200716 23:23:47.974"></status>
</kw>
<status status="PASS" starttime="20200716 23:23:46.399" endtime="20200716 23:23:47.975"></status>
</kw>
<kw name="And User inputs ${password} as password" library="login_page">
<kw name="Set Test Variable" library="BuiltIn">
<doc>Makes a variable available everywhere within the scope of the current test.</doc>
<arguments>
<arg>${password}</arg>
<arg>${password_value}</arg>
</arguments>
<msg timestamp="20200716 23:23:47.977" level="INFO">${password} = </msg>
<status status="PASS" starttime="20200716 23:23:47.976" endtime="20200716 23:23:47.977"></status>
</kw>
<kw name="Input Text" library="Selenium2Library">
<doc>Types the given ``text`` into the text field identified by ``locator``.</doc>
<arguments>
<arg>${PASSWORD_FIELD}</arg>
<arg>${password_value}</arg>
</arguments>
<msg timestamp="20200716 23:23:47.977" level="INFO">Typing text '' into text field '//input[@type='password']'.</msg>
<status status="PASS" starttime="20200716 23:23:47.977" endtime="20200716 23:23:49.530"></status>
</kw>
<status status="PASS" starttime="20200716 23:23:47.975" endtime="20200716 23:23:49.530"></status>
</kw>
<kw name="And Clicks the login button" library="login_page">
<kw name="Click Element" library="Selenium2Library">
<doc>Click the element identified by ``locator``.</doc>
<arguments>
<arg>${LOGIN_BTN}</arg>
</arguments>
<msg timestamp="20200716 23:23:49.532" level="INFO">Clicking element '//button[contains(text(), 'Login')]'.</msg>
<status status="PASS" starttime="20200716 23:23:49.531" endtime="20200716 23:23:50.776"></status>
</kw>
<status status="PASS" starttime="20200716 23:23:49.531" endtime="20200716 23:23:50.777"></status>
</kw>
<kw name="Then Verify the error message for email field is ${email_inline_error_message}" library="login_page">
<kw name="Set Test Variable" library="BuiltIn">
<doc>Makes a variable available everywhere within the scope of the current test.</doc>
<arguments>
<arg>${email_inline_error_message}</arg>
<arg>${email_inline_error_value}</arg>
</arguments>
<msg timestamp="20200716 23:23:50.779" level="INFO">${email_inline_error_message} = Please enter a valid email address (e.g.: john.smith@gmail.com).</msg>
<status status="PASS" starttime="20200716 23:23:50.778" endtime="20200716 23:23:50.779"></status>
</kw>
<kw name="Run Keyword And Return Status" library="BuiltIn">
<doc>Runs the given keyword with given arguments and returns the status as a Boolean value.</doc>
<arguments>
<arg>Wait Until Element Is Visible</arg>
<arg>${EMAIL_INLINE_ERROR}</arg>
<arg>10</arg>
</arguments>
<assign>
<var>${inline_error_present}</var>
</assign>
<kw name="Wait Until Element Is Visible" library="Selenium2Library">
<doc>Waits until the element ``locator`` is visible.</doc>
<arguments>
<arg>${EMAIL_INLINE_ERROR}</arg>
<arg>10</arg>
</arguments>
<status status="PASS" starttime="20200716 23:23:50.780" endtime="20200716 23:23:51.804"></status>
</kw>
<msg timestamp="20200716 23:23:51.804" level="INFO">${inline_error_present} = True</msg>
<status status="PASS" starttime="20200716 23:23:50.779" endtime="20200716 23:23:51.804"></status>
</kw>
<kw name="Run Keyword If" library="BuiltIn">
<doc>Runs the given keyword with the given arguments, if ``condition`` is true.</doc>
<arguments>
<arg>${inline_error_present}</arg>
<arg>Element Text Should Be</arg>
<arg>${EMAIL_INLINE_ERROR}</arg>
<arg>${email_inline_error_value}</arg>
</arguments>
<kw name="Element Text Should Be" library="Selenium2Library">
<doc>Verifies that element ``locator`` contains exact the text ``expected``.</doc>
<arguments>
<arg>${EMAIL_INLINE_ERROR}</arg>
<arg>${email_inline_error_value}</arg>
</arguments>
<msg timestamp="20200716 23:23:51.805" level="INFO">Verifying element '//span[@for='email']' contains exact text 'Please enter a valid email address (e.g.: john.smith@gmail.com).'.</msg>
<status status="PASS" starttime="20200716 23:23:51.805" endtime="20200716 23:23:52.825"></status>
</kw>
<status status="PASS" starttime="20200716 23:23:51.804" endtime="20200716 23:23:52.825"></status>
</kw>
<status status="PASS" starttime="20200716 23:23:50.777" endtime="20200716 23:23:52.825"></status>
</kw>
<kw name="And Verify the error message for password field is ${password_inline_error_message}" library="login_page">
<kw name="Set Test Variable" library="BuiltIn">
<doc>Makes a variable available everywhere within the scope of the current test.</doc>
<arguments>
<arg>${password_inline_error_message}</arg>
<arg>${password_inline_error_value}</arg>
</arguments>
<msg timestamp="20200716 23:23:52.828" level="INFO">${password_inline_error_message} = This field is required.</msg>
<status status="PASS" starttime="20200716 23:23:52.827" endtime="20200716 23:23:52.828"></status>
</kw>
<kw name="Run Keyword And Return Status" library="BuiltIn">
<doc>Runs the given keyword with given arguments and returns the status as a Boolean value.</doc>
<arguments>
<arg>Wait Until Element Is Visible</arg>
<arg>${PASSWORD_INLINE_ERROR}</arg>
<arg>10</arg>
</arguments>
<assign>
<var>${inline_error_present}</var>
</assign>
<kw name="Wait Until Element Is Visible" library="Selenium2Library">
<doc>Waits until the element ``locator`` is visible.</doc>
<arguments>
<arg>${PASSWORD_INLINE_ERROR}</arg>
<arg>10</arg>
</arguments>
<status status="PASS" starttime="20200716 23:23:52.828" endtime="20200716 23:23:53.855"></status>
</kw>
<msg timestamp="20200716 23:23:53.855" level="INFO">${inline_error_present} = True</msg>
<status status="PASS" starttime="20200716 23:23:52.828" endtime="20200716 23:23:53.855"></status>
</kw>
<kw name="Run Keyword If" library="BuiltIn">
<doc>Runs the given keyword with the given arguments, if ``condition`` is true.</doc>
<arguments>
<arg>${inline_error_present}</arg>
<arg>Element Text Should Be</arg>
<arg>${PASSWORD_INLINE_ERROR}</arg>
<arg>${password_inline_error_value}</arg>
</arguments>
<kw name="Element Text Should Be" library="Selenium2Library">
<doc>Verifies that element ``locator`` contains exact the text ``expected``.</doc>
<arguments>
<arg>${PASSWORD_INLINE_ERROR}</arg>
<arg>${password_inline_error_value}</arg>
</arguments>
<msg timestamp="20200716 23:23:53.856" level="INFO">Verifying element '//span[@for='password']' contains exact text 'This field is required.'.</msg>
<status status="PASS" starttime="20200716 23:23:53.856" endtime="20200716 23:23:54.875"></status>
</kw>
<status status="PASS" starttime="20200716 23:23:53.855" endtime="20200716 23:23:54.875"></status>
</kw>
<status status="PASS" starttime="20200716 23:23:52.826" endtime="20200716 23:23:54.875"></status>
</kw>
<kw name="And Verify the error message from server is ${server_error_message}" library="login_page">
<kw name="Set Test Variable" library="BuiltIn">
<doc>Makes a variable available everywhere within the scope of the current test.</doc>
<arguments>
<arg>${server_error_message}</arg>
<arg>${server_error_value}</arg>
</arguments>
<msg timestamp="20200716 23:23:54.877" level="INFO">${server_error_message} = </msg>
<status status="PASS" starttime="20200716 23:23:54.877" endtime="20200716 23:23:54.878"></status>
</kw>
<kw name="Run Keyword And Return Status" library="BuiltIn">
<doc>Runs the given keyword with given arguments and returns the status as a Boolean value.</doc>
<arguments>
<arg>Wait Until Element Is Visible</arg>
<arg>${SERVER_ERROR}</arg>
<arg>10</arg>
</arguments>
<assign>
<var>${server_error_present}</var>
</assign>
<kw name="Wait Until Element Is Visible" library="Selenium2Library">
<doc>Waits until the element ``locator`` is visible.</doc>
<arguments>
<arg>${SERVER_ERROR}</arg>
<arg>10</arg>
</arguments>
<kw name="Capture Page Screenshot" library="Selenium2Library">
<doc>Takes a screenshot of the current page and embeds it into a log file.</doc>
<msg timestamp="20200716 23:24:06.153" level="INFO" html="yes">&lt;/td&gt;&lt;/tr&gt;&lt;tr&gt;&lt;td colspan="3"&gt;&lt;a href="selenium-screenshot-9.png"&gt;&lt;img src="selenium-screenshot-9.png" width="800px"&gt;&lt;/a&gt;</msg>
<status status="PASS" starttime="20200716 23:24:05.543" endtime="20200716 23:24:06.154"></status>
</kw>
<msg timestamp="20200716 23:24:06.154" level="FAIL">Element '//div[(contains(@class, 'alert-optimy-error') and not(contains(@class, 'hidden')))]' not visible after 10 seconds.</msg>
<status status="FAIL" starttime="20200716 23:23:54.878" endtime="20200716 23:24:06.154"></status>
</kw>
<msg timestamp="20200716 23:24:06.155" level="INFO">${server_error_present} = False</msg>
<status status="PASS" starttime="20200716 23:23:54.878" endtime="20200716 23:24:06.155"></status>
</kw>
<kw name="Run Keyword If" library="BuiltIn">
<doc>Runs the given keyword with the given arguments, if ``condition`` is true.</doc>
<arguments>
<arg>${server_error_present}</arg>
<arg>Element Text Should Be</arg>
<arg>${SERVER_ERROR}</arg>
<arg>${server_error_value}</arg>
</arguments>
<status status="PASS" starttime="20200716 23:24:06.155" endtime="20200716 23:24:06.155"></status>
</kw>
<status status="PASS" starttime="20200716 23:23:54.876" endtime="20200716 23:24:06.155"></status>
</kw>
<kw name="Capture Page Screenshot" library="Selenium2Library">
<doc>Takes a screenshot of the current page and embeds it into a log file.</doc>
<msg timestamp="20200716 23:24:06.786" level="INFO" html="yes">&lt;/td&gt;&lt;/tr&gt;&lt;tr&gt;&lt;td colspan="3"&gt;&lt;a href="selenium-screenshot-10.png"&gt;&lt;img src="selenium-screenshot-10.png" width="800px"&gt;&lt;/a&gt;</msg>
<status status="PASS" starttime="20200716 23:24:06.155" endtime="20200716 23:24:06.787"></status>
</kw>
<status status="PASS" starttime="20200716 23:23:45.893" endtime="20200716 23:24:06.787"></status>
</kw>
<kw name="Scenario: Login page negative test" library="login_page">
<arguments>
<arg>test@optimy.com</arg>
<arg>pass123</arg>
<arg>${EMPTY}</arg>
<arg>${EMPTY}</arg>
<arg>The email address or password is incorrect.</arg>
</arguments>
<kw name="Given User is currently at Login page" library="login_page">
<kw name="Title Should Be" library="Selenium2Library">
<doc>Verifies that the current page title equals ``title``.</doc>
<arguments>
<arg>Optimy login</arg>
</arguments>
<msg timestamp="20200716 23:24:07.296" level="INFO">Page title is 'Optimy login'.</msg>
<status status="PASS" starttime="20200716 23:24:06.789" endtime="20200716 23:24:07.296"></status>
</kw>
<status status="PASS" starttime="20200716 23:24:06.789" endtime="20200716 23:24:07.297"></status>
</kw>
<kw name="When User inputs ${email} as email address" library="login_page">
<kw name="Set Test Variable" library="BuiltIn">
<doc>Makes a variable available everywhere within the scope of the current test.</doc>
<arguments>
<arg>${email}</arg>
<arg>${email_value}</arg>
</arguments>
<msg timestamp="20200716 23:24:07.298" level="INFO">${email} = test@optimy.com</msg>
<status status="PASS" starttime="20200716 23:24:07.298" endtime="20200716 23:24:07.298"></status>
</kw>
<kw name="Input Text" library="Selenium2Library">
<doc>Types the given ``text`` into the text field identified by ``locator``.</doc>
<arguments>
<arg>${EMAIL_FIELD}</arg>
<arg>${email_value}</arg>
</arguments>
<msg timestamp="20200716 23:24:07.299" level="INFO">Typing text 'test@optimy.com' into text field '//input[contains(@class, 'email') and @autocomplete='on']'.</msg>
<status status="PASS" starttime="20200716 23:24:07.298" endtime="20200716 23:24:08.877"></status>
</kw>
<status status="PASS" starttime="20200716 23:24:07.297" endtime="20200716 23:24:08.878"></status>
</kw>
<kw name="And User inputs ${password} as password" library="login_page">
<kw name="Set Test Variable" library="BuiltIn">
<doc>Makes a variable available everywhere within the scope of the current test.</doc>
<arguments>
<arg>${password}</arg>
<arg>${password_value}</arg>
</arguments>
<msg timestamp="20200716 23:24:08.880" level="INFO">${password} = pass123</msg>
<status status="PASS" starttime="20200716 23:24:08.879" endtime="20200716 23:24:08.880"></status>
</kw>
<kw name="Input Text" library="Selenium2Library">
<doc>Types the given ``text`` into the text field identified by ``locator``.</doc>
<arguments>
<arg>${PASSWORD_FIELD}</arg>
<arg>${password_value}</arg>
</arguments>
<msg timestamp="20200716 23:24:08.881" level="INFO">Typing text 'pass123' into text field '//input[@type='password']'.</msg>
<status status="PASS" starttime="20200716 23:24:08.880" endtime="20200716 23:24:10.431"></status>
</kw>
<status status="PASS" starttime="20200716 23:24:08.878" endtime="20200716 23:24:10.431"></status>
</kw>
<kw name="And Clicks the login button" library="login_page">
<kw name="Click Element" library="Selenium2Library">
<doc>Click the element identified by ``locator``.</doc>
<arguments>
<arg>${LOGIN_BTN}</arg>
</arguments>
<msg timestamp="20200716 23:24:10.433" level="INFO">Clicking element '//button[contains(text(), 'Login')]'.</msg>
<status status="PASS" starttime="20200716 23:24:10.433" endtime="20200716 23:24:11.669"></status>
</kw>
<status status="PASS" starttime="20200716 23:24:10.432" endtime="20200716 23:24:11.670"></status>
</kw>
<kw name="Then Verify the error message for email field is ${email_inline_error_message}" library="login_page">
<kw name="Set Test Variable" library="BuiltIn">
<doc>Makes a variable available everywhere within the scope of the current test.</doc>
<arguments>
<arg>${email_inline_error_message}</arg>
<arg>${email_inline_error_value}</arg>
</arguments>
<msg timestamp="20200716 23:24:11.672" level="INFO">${email_inline_error_message} = </msg>
<status status="PASS" starttime="20200716 23:24:11.671" endtime="20200716 23:24:11.672"></status>
</kw>
<kw name="Run Keyword And Return Status" library="BuiltIn">
<doc>Runs the given keyword with given arguments and returns the status as a Boolean value.</doc>
<arguments>
<arg>Wait Until Element Is Visible</arg>
<arg>${EMAIL_INLINE_ERROR}</arg>
<arg>10</arg>
</arguments>
<assign>
<var>${inline_error_present}</var>
</assign>
<kw name="Wait Until Element Is Visible" library="Selenium2Library">
<doc>Waits until the element ``locator`` is visible.</doc>
<arguments>
<arg>${EMAIL_INLINE_ERROR}</arg>
<arg>10</arg>
</arguments>
<kw name="Capture Page Screenshot" library="Selenium2Library">
<doc>Takes a screenshot of the current page and embeds it into a log file.</doc>
<msg timestamp="20200716 23:24:23.338" level="INFO" html="yes">&lt;/td&gt;&lt;/tr&gt;&lt;tr&gt;&lt;td colspan="3"&gt;&lt;a href="selenium-screenshot-11.png"&gt;&lt;img src="selenium-screenshot-11.png" width="800px"&gt;&lt;/a&gt;</msg>
<status status="PASS" starttime="20200716 23:24:22.724" endtime="20200716 23:24:23.339"></status>
</kw>
<msg timestamp="20200716 23:24:23.340" level="FAIL">Element '//span[@for='email']' not visible after 10 seconds.</msg>
<status status="FAIL" starttime="20200716 23:24:11.673" endtime="20200716 23:24:23.340"></status>
</kw>
<msg timestamp="20200716 23:24:23.340" level="INFO">${inline_error_present} = False</msg>
<status status="PASS" starttime="20200716 23:24:11.673" endtime="20200716 23:24:23.340"></status>
</kw>
<kw name="Run Keyword If" library="BuiltIn">
<doc>Runs the given keyword with the given arguments, if ``condition`` is true.</doc>
<arguments>
<arg>${inline_error_present}</arg>
<arg>Element Text Should Be</arg>
<arg>${EMAIL_INLINE_ERROR}</arg>
<arg>${email_inline_error_value}</arg>
</arguments>
<status status="PASS" starttime="20200716 23:24:23.340" endtime="20200716 23:24:23.341"></status>
</kw>
<status status="PASS" starttime="20200716 23:24:11.670" endtime="20200716 23:24:23.341"></status>
</kw>
<kw name="And Verify the error message for password field is ${password_inline_error_message}" library="login_page">
<kw name="Set Test Variable" library="BuiltIn">
<doc>Makes a variable available everywhere within the scope of the current test.</doc>
<arguments>
<arg>${password_inline_error_message}</arg>
<arg>${password_inline_error_value}</arg>
</arguments>
<msg timestamp="20200716 23:24:23.342" level="INFO">${password_inline_error_message} = </msg>
<status status="PASS" starttime="20200716 23:24:23.342" endtime="20200716 23:24:23.342"></status>
</kw>
<kw name="Run Keyword And Return Status" library="BuiltIn">
<doc>Runs the given keyword with given arguments and returns the status as a Boolean value.</doc>
<arguments>
<arg>Wait Until Element Is Visible</arg>
<arg>${PASSWORD_INLINE_ERROR}</arg>
<arg>10</arg>
</arguments>
<assign>
<var>${inline_error_present}</var>
</assign>
<kw name="Wait Until Element Is Visible" library="Selenium2Library">
<doc>Waits until the element ``locator`` is visible.</doc>
<arguments>
<arg>${PASSWORD_INLINE_ERROR}</arg>
<arg>10</arg>
</arguments>
<kw name="Capture Page Screenshot" library="Selenium2Library">
<doc>Takes a screenshot of the current page and embeds it into a log file.</doc>
<msg timestamp="20200716 23:24:34.995" level="INFO" html="yes">&lt;/td&gt;&lt;/tr&gt;&lt;tr&gt;&lt;td colspan="3"&gt;&lt;a href="selenium-screenshot-12.png"&gt;&lt;img src="selenium-screenshot-12.png" width="800px"&gt;&lt;/a&gt;</msg>
<status status="PASS" starttime="20200716 23:24:34.383" endtime="20200716 23:24:34.995"></status>
</kw>
<msg timestamp="20200716 23:24:34.996" level="FAIL">Element '//span[@for='password']' not visible after 10 seconds.</msg>
<status status="FAIL" starttime="20200716 23:24:23.343" endtime="20200716 23:24:34.996"></status>
</kw>
<msg timestamp="20200716 23:24:34.996" level="INFO">${inline_error_present} = False</msg>
<status status="PASS" starttime="20200716 23:24:23.342" endtime="20200716 23:24:34.996"></status>
</kw>
<kw name="Run Keyword If" library="BuiltIn">
<doc>Runs the given keyword with the given arguments, if ``condition`` is true.</doc>
<arguments>
<arg>${inline_error_present}</arg>
<arg>Element Text Should Be</arg>
<arg>${PASSWORD_INLINE_ERROR}</arg>
<arg>${password_inline_error_value}</arg>
</arguments>
<status status="PASS" starttime="20200716 23:24:34.997" endtime="20200716 23:24:34.997"></status>
</kw>
<status status="PASS" starttime="20200716 23:24:23.341" endtime="20200716 23:24:34.997"></status>
</kw>
<kw name="And Verify the error message from server is ${server_error_message}" library="login_page">
<kw name="Set Test Variable" library="BuiltIn">
<doc>Makes a variable available everywhere within the scope of the current test.</doc>
<arguments>
<arg>${server_error_message}</arg>
<arg>${server_error_value}</arg>
</arguments>
<msg timestamp="20200716 23:24:34.999" level="INFO">${server_error_message} = The email address or password is incorrect.</msg>
<status status="PASS" starttime="20200716 23:24:34.998" endtime="20200716 23:24:34.999"></status>
</kw>
<kw name="Run Keyword And Return Status" library="BuiltIn">
<doc>Runs the given keyword with given arguments and returns the status as a Boolean value.</doc>
<arguments>
<arg>Wait Until Element Is Visible</arg>
<arg>${SERVER_ERROR}</arg>
<arg>10</arg>
</arguments>
<assign>
<var>${server_error_present}</var>
</assign>
<kw name="Wait Until Element Is Visible" library="Selenium2Library">
<doc>Waits until the element ``locator`` is visible.</doc>
<arguments>
<arg>${SERVER_ERROR}</arg>
<arg>10</arg>
</arguments>
<status status="PASS" starttime="20200716 23:24:34.999" endtime="20200716 23:24:36.027"></status>
</kw>
<msg timestamp="20200716 23:24:36.027" level="INFO">${server_error_present} = True</msg>
<status status="PASS" starttime="20200716 23:24:34.999" endtime="20200716 23:24:36.027"></status>
</kw>
<kw name="Run Keyword If" library="BuiltIn">
<doc>Runs the given keyword with the given arguments, if ``condition`` is true.</doc>
<arguments>
<arg>${server_error_present}</arg>
<arg>Element Text Should Be</arg>
<arg>${SERVER_ERROR}</arg>
<arg>${server_error_value}</arg>
</arguments>
<kw name="Element Text Should Be" library="Selenium2Library">
<doc>Verifies that element ``locator`` contains exact the text ``expected``.</doc>
<arguments>
<arg>${SERVER_ERROR}</arg>
<arg>${server_error_value}</arg>
</arguments>
<msg timestamp="20200716 23:24:36.028" level="INFO">Verifying element '//div[(contains(@class, 'alert-optimy-error') and not(contains(@class, 'hidden')))]' contains exact text 'The email address or password is incorrect.'.</msg>
<status status="PASS" starttime="20200716 23:24:36.028" endtime="20200716 23:24:37.058"></status>
</kw>
<status status="PASS" starttime="20200716 23:24:36.028" endtime="20200716 23:24:37.058"></status>
</kw>
<status status="PASS" starttime="20200716 23:24:34.998" endtime="20200716 23:24:37.059"></status>
</kw>
<kw name="Capture Page Screenshot" library="Selenium2Library">
<doc>Takes a screenshot of the current page and embeds it into a log file.</doc>
<msg timestamp="20200716 23:24:37.670" level="INFO" html="yes">&lt;/td&gt;&lt;/tr&gt;&lt;tr&gt;&lt;td colspan="3"&gt;&lt;a href="selenium-screenshot-13.png"&gt;&lt;img src="selenium-screenshot-13.png" width="800px"&gt;&lt;/a&gt;</msg>
<status status="PASS" starttime="20200716 23:24:37.059" endtime="20200716 23:24:37.671"></status>
</kw>
<status status="PASS" starttime="20200716 23:24:06.787" endtime="20200716 23:24:37.671"></status>
</kw>
<kw name="Close All Browsers" library="Selenium2Library" type="teardown">
<doc>Closes all open browsers and resets the browser cache.</doc>
<status status="PASS" starttime="20200716 23:24:37.672" endtime="20200716 23:24:38.563"></status>
</kw>
<status status="PASS" starttime="20200716 23:22:07.703" endtime="20200716 23:24:38.563" critical="yes"></status>
</test>
<doc>This test suite contains all the negative test scenarios of login page</doc>
<status status="PASS" starttime="20200716 23:22:07.415" endtime="20200716 23:24:38.565"></status>
</suite>
<statistics>
<total>
<stat pass="1" fail="0">Critical Tests</stat>
<stat pass="1" fail="0">All Tests</stat>
</total>
<tag>
</tag>
<suite>
<stat pass="1" fail="0" id="s1" name="VerifyAllValidationsForLoginTest">VerifyAllValidationsForLoginTest</stat>
</suite>
</statistics>
<errors>
</errors>
</robot>
