<?xml version="1.0" encoding="UTF-8"?>
<robot generator="Robot 3.2.1 (Python 3.8.3 on darwin)" generated="20200716 23:18:46.338" rpa="false">
<suite id="s1" name="VerifyAllValidationsForLoginTest" source="/Users/Gieno/Documents/workspace/optimy/src/suite/VerifyAllValidationsForLoginTest.robot">
<test id="s1-t1" name="Scenario: Login page negative test">
<kw name="Login Page Setup" library="login_page" type="setup">
<kw name="Run Keyword" library="BuiltIn">
<doc>Executes the given keyword with the given arguments.</doc>
<arguments>
<arg>Browser Is Launched</arg>
</arguments>
<kw name="Browser Is Launched" library="config">
<kw name="Open Browser" library="Selenium2Library">
<doc>Opens a new browser instance to the optional ``url``.</doc>
<arguments>
<arg>${LOGIN_URL}</arg>
<arg>${BROWSER}</arg>
</arguments>
<msg timestamp="20200716 23:18:46.606" level="INFO">Opening browser 'chrome' to base url 'https://login.optimyapp.com/'.</msg>
<status status="PASS" starttime="20200716 23:18:46.606" endtime="20200716 23:18:51.880"></status>
</kw>
<kw name="Set Selenium Speed" library="Selenium2Library">
<doc>Sets the delay that is waited after each Selenium command.</doc>
<arguments>
<arg>.5</arg>
</arguments>
<status status="PASS" starttime="20200716 23:18:51.881" endtime="20200716 23:18:51.881"></status>
</kw>
<kw name="Set Window Size" library="Selenium2Library">
<doc>Sets current windows size to given ``width`` and ``height``.</doc>
<arguments>
<arg>1024</arg>
<arg>800</arg>
</arguments>
<status status="PASS" starttime="20200716 23:18:51.881" endtime="20200716 23:18:52.507"></status>
</kw>
<status status="PASS" starttime="20200716 23:18:46.605" endtime="20200716 23:18:52.507"></status>
</kw>
<status status="PASS" starttime="20200716 23:18:46.605" endtime="20200716 23:18:52.507"></status>
</kw>
<status status="PASS" starttime="20200716 23:18:46.605" endtime="20200716 23:18:52.508"></status>
</kw>
<kw name="Scenario: Login page negative test" library="login_page">
<arguments>
<arg>${EMPTY}</arg>
<arg>${EMPTY}</arg>
<arg>This field is required.</arg>
<arg>This field is required.</arg>
<arg>${EMPTY}</arg>
</arguments>
<kw name="Given User is currently at Login page" library="login_page">
<kw name="Title Should Be" library="Selenium2Library">
<doc>Verifies that the current page title equals ``title``.</doc>
<arguments>
<arg>Optimy login</arg>
</arguments>
<msg timestamp="20200716 23:18:53.022" level="INFO">Page title is 'Optimy login'.</msg>
<status status="PASS" starttime="20200716 23:18:52.511" endtime="20200716 23:18:53.023"></status>
</kw>
<status status="PASS" starttime="20200716 23:18:52.510" endtime="20200716 23:18:53.023"></status>
</kw>
<kw name="When User inputs ${email} as email address" library="login_page">
<kw name="Set Test Variable" library="BuiltIn">
<doc>Makes a variable available everywhere within the scope of the current test.</doc>
<arguments>
<arg>${email}</arg>
<arg>${email_value}</arg>
</arguments>
<msg timestamp="20200716 23:18:53.026" level="INFO">${email} = </msg>
<status status="PASS" starttime="20200716 23:18:53.024" endtime="20200716 23:18:53.026"></status>
</kw>
<kw name="Input Text" library="Selenium2Library">
<doc>Types the given ``text`` into the text field identified by ``locator``.</doc>
<arguments>
<arg>${EMAIL_FIELD}</arg>
<arg>${email_value}</arg>
</arguments>
<msg timestamp="20200716 23:18:53.026" level="INFO">Typing text '' into text field '//input[contains(@class, 'email') and @autocomplete='on']'.</msg>
<status status="PASS" starttime="20200716 23:18:53.026" endtime="20200716 23:18:54.601"></status>
</kw>
<status status="PASS" starttime="20200716 23:18:53.023" endtime="20200716 23:18:54.601"></status>
</kw>
<kw name="And User inputs ${password} as password" library="login_page">
<kw name="Set Test Variable" library="BuiltIn">
<doc>Makes a variable available everywhere within the scope of the current test.</doc>
<arguments>
<arg>${password}</arg>
<arg>${password_value}</arg>
</arguments>
<msg timestamp="20200716 23:18:54.604" level="INFO">${password} = </msg>
<status status="PASS" starttime="20200716 23:18:54.603" endtime="20200716 23:18:54.604"></status>
</kw>
<kw name="Input Text" library="Selenium2Library">
<doc>Types the given ``text`` into the text field identified by ``locator``.</doc>
<arguments>
<arg>${PASSWORD_FIELD}</arg>
<arg>${password_value}</arg>
</arguments>
<msg timestamp="20200716 23:18:54.605" level="INFO">Typing text '' into text field '//input[@type='password']'.</msg>
<status status="PASS" starttime="20200716 23:18:54.605" endtime="20200716 23:18:56.195"></status>
</kw>
<status status="PASS" starttime="20200716 23:18:54.602" endtime="20200716 23:18:56.195"></status>
</kw>
<kw name="And Clicks the login button" library="login_page">
<kw name="Click Element" library="Selenium2Library">
<doc>Click the element identified by ``locator``.</doc>
<arguments>
<arg>${LOGIN_BTN}</arg>
</arguments>
<msg timestamp="20200716 23:18:56.196" level="INFO">Clicking element '//button[contains(text(), 'Login')]'.</msg>
<status status="PASS" starttime="20200716 23:18:56.196" endtime="20200716 23:18:57.266"></status>
</kw>
<status status="PASS" starttime="20200716 23:18:56.195" endtime="20200716 23:18:57.266"></status>
</kw>
<kw name="Then Verify the error message for email field is ${email_inline_error_message}" library="login_page">
<kw name="Set Test Variable" library="BuiltIn">
<doc>Makes a variable available everywhere within the scope of the current test.</doc>
<arguments>
<arg>${email_inline_error_message}</arg>
<arg>${email_inline_error_value}</arg>
</arguments>
<msg timestamp="20200716 23:18:57.269" level="INFO">${email_inline_error_message} = This field is required.</msg>
<status status="PASS" starttime="20200716 23:18:57.268" endtime="20200716 23:18:57.269"></status>
</kw>
<kw name="Run Keyword And Return Status" library="BuiltIn">
<doc>Runs the given keyword with given arguments and returns the status as a Boolean value.</doc>
<arguments>
<arg>Wait Until Element Is Visible</arg>
<arg>${EMAIL_INLINE_ERROR}</arg>
<arg>10</arg>
</arguments>
<assign>
<var>${inline_error_present}</var>
</assign>
<kw name="Wait Until Element Is Visible" library="Selenium2Library">
<doc>Waits until the element ``locator`` is visible.</doc>
<arguments>
<arg>${EMAIL_INLINE_ERROR}</arg>
<arg>10</arg>
</arguments>
<status status="PASS" starttime="20200716 23:18:57.270" endtime="20200716 23:18:58.303"></status>
</kw>
<msg timestamp="20200716 23:18:58.304" level="INFO">${inline_error_present} = True</msg>
<status status="PASS" starttime="20200716 23:18:57.269" endtime="20200716 23:18:58.304"></status>
</kw>
<kw name="Run Keyword If" library="BuiltIn">
<doc>Runs the given keyword with the given arguments, if ``condition`` is true.</doc>
<arguments>
<arg>${inline_error_present}</arg>
<arg>Element Text Should Be</arg>
<arg>${EMAIL_INLINE_ERROR}</arg>
<arg>${email_inline_error_value}</arg>
</arguments>
<kw name="Element Text Should Be" library="Selenium2Library">
<doc>Verifies that element ``locator`` contains exact the text ``expected``.</doc>
<arguments>
<arg>${EMAIL_INLINE_ERROR}</arg>
<arg>${email_inline_error_value}</arg>
</arguments>
<msg timestamp="20200716 23:18:58.305" level="INFO">Verifying element '//span[@for='email']' contains exact text 'This field is required.'.</msg>
<status status="PASS" starttime="20200716 23:18:58.305" endtime="20200716 23:18:59.333"></status>
</kw>
<status status="PASS" starttime="20200716 23:18:58.304" endtime="20200716 23:18:59.333"></status>
</kw>
<status status="PASS" starttime="20200716 23:18:57.267" endtime="20200716 23:18:59.333"></status>
</kw>
<kw name="And Verify the error message for password field is ${password_inline_error_message}" library="login_page">
<kw name="Set Test Variable" library="BuiltIn">
<doc>Makes a variable available everywhere within the scope of the current test.</doc>
<arguments>
<arg>${password_inline_error_message}</arg>
<arg>${password_inline_error_value}</arg>
</arguments>
<msg timestamp="20200716 23:18:59.336" level="INFO">${password_inline_error_message} = This field is required.</msg>
<status status="PASS" starttime="20200716 23:18:59.335" endtime="20200716 23:18:59.336"></status>
</kw>
<kw name="Run Keyword And Return Status" library="BuiltIn">
<doc>Runs the given keyword with given arguments and returns the status as a Boolean value.</doc>
<arguments>
<arg>Wait Until Element Is Visible</arg>
<arg>${PASSWORD_INLINE_ERROR}</arg>
<arg>10</arg>
</arguments>
<assign>
<var>${inline_error_present}</var>
</assign>
<kw name="Wait Until Element Is Visible" library="Selenium2Library">
<doc>Waits until the element ``locator`` is visible.</doc>
<arguments>
<arg>${PASSWORD_INLINE_ERROR}</arg>
<arg>10</arg>
</arguments>
<status status="PASS" starttime="20200716 23:18:59.337" endtime="20200716 23:19:00.366"></status>
</kw>
<msg timestamp="20200716 23:19:00.366" level="INFO">${inline_error_present} = True</msg>
<status status="PASS" starttime="20200716 23:18:59.337" endtime="20200716 23:19:00.366"></status>
</kw>
<kw name="Run Keyword If" library="BuiltIn">
<doc>Runs the given keyword with the given arguments, if ``condition`` is true.</doc>
<arguments>
<arg>${inline_error_present}</arg>
<arg>Element Text Should Be</arg>
<arg>${PASSWORD_INLINE_ERROR}</arg>
<arg>${password_inline_error_value}</arg>
</arguments>
<kw name="Element Text Should Be" library="Selenium2Library">
<doc>Verifies that element ``locator`` contains exact the text ``expected``.</doc>
<arguments>
<arg>${PASSWORD_INLINE_ERROR}</arg>
<arg>${password_inline_error_value}</arg>
</arguments>
<msg timestamp="20200716 23:19:00.368" level="INFO">Verifying element '//span[@for='password']' contains exact text 'This field is required.'.</msg>
<status status="PASS" starttime="20200716 23:19:00.367" endtime="20200716 23:19:01.394"></status>
</kw>
<status status="PASS" starttime="20200716 23:19:00.367" endtime="20200716 23:19:01.394"></status>
</kw>
<status status="PASS" starttime="20200716 23:18:59.334" endtime="20200716 23:19:01.394"></status>
</kw>
<kw name="And Verify the error message from server is ${server_error_message}" library="login_page">
<kw name="Set Test Variable" library="BuiltIn">
<doc>Makes a variable available everywhere within the scope of the current test.</doc>
<arguments>
<arg>${server_error_message}</arg>
<arg>${server_error_value}</arg>
</arguments>
<msg timestamp="20200716 23:19:01.397" level="INFO">${server_error_message} = </msg>
<status status="PASS" starttime="20200716 23:19:01.395" endtime="20200716 23:19:01.397"></status>
</kw>
<kw name="Run Keyword And Return Status" library="BuiltIn">
<doc>Runs the given keyword with given arguments and returns the status as a Boolean value.</doc>
<arguments>
<arg>Wait Until Element Is Visible</arg>
<arg>${SERVER_ERROR}</arg>
<arg>10</arg>
</arguments>
<assign>
<var>${server_error_present}</var>
</assign>
<kw name="Wait Until Element Is Visible" library="Selenium2Library">
<doc>Waits until the element ``locator`` is visible.</doc>
<arguments>
<arg>${SERVER_ERROR}</arg>
<arg>10</arg>
</arguments>
<kw name="Capture Page Screenshot" library="Selenium2Library">
<doc>Takes a screenshot of the current page and embeds it into a log file.</doc>
<msg timestamp="20200716 23:19:12.313" level="INFO" html="yes">&lt;/td&gt;&lt;/tr&gt;&lt;tr&gt;&lt;td colspan="3"&gt;&lt;a href="selenium-screenshot-1.png"&gt;&lt;img src="selenium-screenshot-1.png" width="800px"&gt;&lt;/a&gt;</msg>
<status status="PASS" starttime="20200716 23:19:11.417" endtime="20200716 23:19:12.313"></status>
</kw>
<msg timestamp="20200716 23:19:12.316" level="FAIL">Element '//div[(contains(@class, 'alert-optimy-error') and not(contains(@class, 'hidden')))]' not visible after 10 seconds.</msg>
<status status="FAIL" starttime="20200716 23:19:01.397" endtime="20200716 23:19:12.317"></status>
</kw>
<msg timestamp="20200716 23:19:12.317" level="INFO">${server_error_present} = False</msg>
<status status="PASS" starttime="20200716 23:19:01.397" endtime="20200716 23:19:12.317"></status>
</kw>
<kw name="Run Keyword If" library="BuiltIn">
<doc>Runs the given keyword with the given arguments, if ``condition`` is true.</doc>
<arguments>
<arg>${server_error_present}</arg>
<arg>Element Text Should Be</arg>
<arg>${SERVER_ERROR}</arg>
<arg>${server_error_value}</arg>
</arguments>
<status status="PASS" starttime="20200716 23:19:12.317" endtime="20200716 23:19:12.317"></status>
</kw>
<status status="PASS" starttime="20200716 23:19:01.394" endtime="20200716 23:19:12.317"></status>
</kw>
<kw name="Capture Page Screenshot" library="Selenium2Library">
<doc>Takes a screenshot of the current page and embeds it into a log file.</doc>
<msg timestamp="20200716 23:19:13.175" level="INFO" html="yes">&lt;/td&gt;&lt;/tr&gt;&lt;tr&gt;&lt;td colspan="3"&gt;&lt;a href="selenium-screenshot-2.png"&gt;&lt;img src="selenium-screenshot-2.png" width="800px"&gt;&lt;/a&gt;</msg>
<status status="PASS" starttime="20200716 23:19:12.318" endtime="20200716 23:19:13.175"></status>
</kw>
<status status="PASS" starttime="20200716 23:18:52.508" endtime="20200716 23:19:13.175"></status>
</kw>
<kw name="Scenario: Login page negative test" library="login_page">
<arguments>
<arg>valid@format.com</arg>
<arg>${EMPTY}</arg>
<arg>${EMPTY}</arg>
<arg>This field is required.</arg>
<arg>${EMPTY}</arg>
</arguments>
<kw name="Given User is currently at Login page" library="login_page">
<kw name="Title Should Be" library="Selenium2Library">
<doc>Verifies that the current page title equals ``title``.</doc>
<arguments>
<arg>Optimy login</arg>
</arguments>
<msg timestamp="20200716 23:19:13.684" level="INFO">Page title is 'Optimy login'.</msg>
<status status="PASS" starttime="20200716 23:19:13.178" endtime="20200716 23:19:13.684"></status>
</kw>
<status status="PASS" starttime="20200716 23:19:13.177" endtime="20200716 23:19:13.684"></status>
</kw>
<kw name="When User inputs ${email} as email address" library="login_page">
<kw name="Set Test Variable" library="BuiltIn">
<doc>Makes a variable available everywhere within the scope of the current test.</doc>
<arguments>
<arg>${email}</arg>
<arg>${email_value}</arg>
</arguments>
<msg timestamp="20200716 23:19:13.686" level="INFO">${email} = valid@format.com</msg>
<status status="PASS" starttime="20200716 23:19:13.686" endtime="20200716 23:19:13.686"></status>
</kw>
<kw name="Input Text" library="Selenium2Library">
<doc>Types the given ``text`` into the text field identified by ``locator``.</doc>
<arguments>
<arg>${EMAIL_FIELD}</arg>
<arg>${email_value}</arg>
</arguments>
<msg timestamp="20200716 23:19:13.687" level="INFO">Typing text 'valid@format.com' into text field '//input[contains(@class, 'email') and @autocomplete='on']'.</msg>
<status status="PASS" starttime="20200716 23:19:13.686" endtime="20200716 23:19:15.405"></status>
</kw>
<status status="PASS" starttime="20200716 23:19:13.685" endtime="20200716 23:19:15.405"></status>
</kw>
<kw name="And User inputs ${password} as password" library="login_page">
<kw name="Set Test Variable" library="BuiltIn">
<doc>Makes a variable available everywhere within the scope of the current test.</doc>
<arguments>
<arg>${password}</arg>
<arg>${password_value}</arg>
</arguments>
<msg timestamp="20200716 23:19:15.407" level="INFO">${password} = </msg>
<status status="PASS" starttime="20200716 23:19:15.407" endtime="20200716 23:19:15.407"></status>
</kw>
<kw name="Input Text" library="Selenium2Library">
<doc>Types the given ``text`` into the text field identified by ``locator``.</doc>
<arguments>
<arg>${PASSWORD_FIELD}</arg>
<arg>${password_value}</arg>
</arguments>
<msg timestamp="20200716 23:19:15.408" level="INFO">Typing text '' into text field '//input[@type='password']'.</msg>
<status status="PASS" starttime="20200716 23:19:15.407" endtime="20200716 23:19:16.969"></status>
</kw>
<status status="PASS" starttime="20200716 23:19:15.406" endtime="20200716 23:19:16.970"></status>
</kw>
<kw name="And Clicks the login button" library="login_page">
<kw name="Click Element" library="Selenium2Library">
<doc>Click the element identified by ``locator``.</doc>
<arguments>
<arg>${LOGIN_BTN}</arg>
</arguments>
<msg timestamp="20200716 23:19:16.971" level="INFO">Clicking element '//button[contains(text(), 'Login')]'.</msg>
<status status="PASS" starttime="20200716 23:19:16.971" endtime="20200716 23:19:18.014"></status>
</kw>
<status status="PASS" starttime="20200716 23:19:16.970" endtime="20200716 23:19:18.015"></status>
</kw>
<kw name="Then Verify the error message for email field is ${email_inline_error_message}" library="login_page">
<kw name="Set Test Variable" library="BuiltIn">
<doc>Makes a variable available everywhere within the scope of the current test.</doc>
<arguments>
<arg>${email_inline_error_message}</arg>
<arg>${email_inline_error_value}</arg>
</arguments>
<msg timestamp="20200716 23:19:18.020" level="INFO">${email_inline_error_message} = </msg>
<status status="PASS" starttime="20200716 23:19:18.019" endtime="20200716 23:19:18.020"></status>
</kw>
<kw name="Run Keyword And Return Status" library="BuiltIn">
<doc>Runs the given keyword with given arguments and returns the status as a Boolean value.</doc>
<arguments>
<arg>Wait Until Element Is Visible</arg>
<arg>${EMAIL_INLINE_ERROR}</arg>
<arg>10</arg>
</arguments>
<assign>
<var>${inline_error_present}</var>
</assign>
<kw name="Wait Until Element Is Visible" library="Selenium2Library">
<doc>Waits until the element ``locator`` is visible.</doc>
<arguments>
<arg>${EMAIL_INLINE_ERROR}</arg>
<arg>10</arg>
</arguments>
<kw name="Capture Page Screenshot" library="Selenium2Library">
<doc>Takes a screenshot of the current page and embeds it into a log file.</doc>
<msg timestamp="20200716 23:19:29.940" level="INFO" html="yes">&lt;/td&gt;&lt;/tr&gt;&lt;tr&gt;&lt;td colspan="3"&gt;&lt;a href="selenium-screenshot-3.png"&gt;&lt;img src="selenium-screenshot-3.png" width="800px"&gt;&lt;/a&gt;</msg>
<status status="PASS" starttime="20200716 23:19:29.071" endtime="20200716 23:19:29.940"></status>
</kw>
<msg timestamp="20200716 23:19:29.941" level="FAIL">Element '//span[@for='email']' not visible after 10 seconds.</msg>
<status status="FAIL" starttime="20200716 23:19:18.021" endtime="20200716 23:19:29.941"></status>
</kw>
<msg timestamp="20200716 23:19:29.941" level="INFO">${inline_error_present} = False</msg>
<status status="PASS" starttime="20200716 23:19:18.021" endtime="20200716 23:19:29.941"></status>
</kw>
<kw name="Run Keyword If" library="BuiltIn">
<doc>Runs the given keyword with the given arguments, if ``condition`` is true.</doc>
<arguments>
<arg>${inline_error_present}</arg>
<arg>Element Text Should Be</arg>
<arg>${EMAIL_INLINE_ERROR}</arg>
<arg>${email_inline_error_value}</arg>
</arguments>
<status status="PASS" starttime="20200716 23:19:29.941" endtime="20200716 23:19:29.942"></status>
</kw>
<status status="PASS" starttime="20200716 23:19:18.016" endtime="20200716 23:19:29.942"></status>
</kw>
<kw name="And Verify the error message for password field is ${password_inline_error_message}" library="login_page">
<kw name="Set Test Variable" library="BuiltIn">
<doc>Makes a variable available everywhere within the scope of the current test.</doc>
<arguments>
<arg>${password_inline_error_message}</arg>
<arg>${password_inline_error_value}</arg>
</arguments>
<msg timestamp="20200716 23:19:29.943" level="INFO">${password_inline_error_message} = This field is required.</msg>
<status status="PASS" starttime="20200716 23:19:29.943" endtime="20200716 23:19:29.943"></status>
</kw>
<kw name="Run Keyword And Return Status" library="BuiltIn">
<doc>Runs the given keyword with given arguments and returns the status as a Boolean value.</doc>
<arguments>
<arg>Wait Until Element Is Visible</arg>
<arg>${PASSWORD_INLINE_ERROR}</arg>
<arg>10</arg>
</arguments>
<assign>
<var>${inline_error_present}</var>
</assign>
<kw name="Wait Until Element Is Visible" library="Selenium2Library">
<doc>Waits until the element ``locator`` is visible.</doc>
<arguments>
<arg>${PASSWORD_INLINE_ERROR}</arg>
<arg>10</arg>
</arguments>
<status status="PASS" starttime="20200716 23:19:29.944" endtime="20200716 23:19:30.967"></status>
</kw>
<msg timestamp="20200716 23:19:30.968" level="INFO">${inline_error_present} = True</msg>
<status status="PASS" starttime="20200716 23:19:29.943" endtime="20200716 23:19:30.968"></status>
</kw>
<kw name="Run Keyword If" library="BuiltIn">
<doc>Runs the given keyword with the given arguments, if ``condition`` is true.</doc>
<arguments>
<arg>${inline_error_present}</arg>
<arg>Element Text Should Be</arg>
<arg>${PASSWORD_INLINE_ERROR}</arg>
<arg>${password_inline_error_value}</arg>
</arguments>
<kw name="Element Text Should Be" library="Selenium2Library">
<doc>Verifies that element ``locator`` contains exact the text ``expected``.</doc>
<arguments>
<arg>${PASSWORD_INLINE_ERROR}</arg>
<arg>${password_inline_error_value}</arg>
</arguments>
<msg timestamp="20200716 23:19:30.969" level="INFO">Verifying element '//span[@for='password']' contains exact text 'This field is required.'.</msg>
<status status="PASS" starttime="20200716 23:19:30.969" endtime="20200716 23:19:31.994"></status>
</kw>
<status status="PASS" starttime="20200716 23:19:30.968" endtime="20200716 23:19:31.994"></status>
</kw>
<status status="PASS" starttime="20200716 23:19:29.942" endtime="20200716 23:19:31.994"></status>
</kw>
<kw name="And Verify the error message from server is ${server_error_message}" library="login_page">
<kw name="Set Test Variable" library="BuiltIn">
<doc>Makes a variable available everywhere within the scope of the current test.</doc>
<arguments>
<arg>${server_error_message}</arg>
<arg>${server_error_value}</arg>
</arguments>
<msg timestamp="20200716 23:19:31.996" level="INFO">${server_error_message} = </msg>
<status status="PASS" starttime="20200716 23:19:31.995" endtime="20200716 23:19:31.996"></status>
</kw>
<kw name="Run Keyword And Return Status" library="BuiltIn">
<doc>Runs the given keyword with given arguments and returns the status as a Boolean value.</doc>
<arguments>
<arg>Wait Until Element Is Visible</arg>
<arg>${SERVER_ERROR}</arg>
<arg>10</arg>
</arguments>
<assign>
<var>${server_error_present}</var>
</assign>
<kw name="Wait Until Element Is Visible" library="Selenium2Library">
<doc>Waits until the element ``locator`` is visible.</doc>
<arguments>
<arg>${SERVER_ERROR}</arg>
<arg>10</arg>
</arguments>
<kw name="Capture Page Screenshot" library="Selenium2Library">
<doc>Takes a screenshot of the current page and embeds it into a log file.</doc>
<msg timestamp="20200716 23:19:42.859" level="INFO" html="yes">&lt;/td&gt;&lt;/tr&gt;&lt;tr&gt;&lt;td colspan="3"&gt;&lt;a href="selenium-screenshot-4.png"&gt;&lt;img src="selenium-screenshot-4.png" width="800px"&gt;&lt;/a&gt;</msg>
<status status="PASS" starttime="20200716 23:19:42.001" endtime="20200716 23:19:42.859"></status>
</kw>
<msg timestamp="20200716 23:19:42.860" level="FAIL">Element '//div[(contains(@class, 'alert-optimy-error') and not(contains(@class, 'hidden')))]' not visible after 10 seconds.</msg>
<status status="FAIL" starttime="20200716 23:19:31.997" endtime="20200716 23:19:42.860"></status>
</kw>
<msg timestamp="20200716 23:19:42.860" level="INFO">${server_error_present} = False</msg>
<status status="PASS" starttime="20200716 23:19:31.997" endtime="20200716 23:19:42.860"></status>
</kw>
<kw name="Run Keyword If" library="BuiltIn">
<doc>Runs the given keyword with the given arguments, if ``condition`` is true.</doc>
<arguments>
<arg>${server_error_present}</arg>
<arg>Element Text Should Be</arg>
<arg>${SERVER_ERROR}</arg>
<arg>${server_error_value}</arg>
</arguments>
<status status="PASS" starttime="20200716 23:19:42.861" endtime="20200716 23:19:42.861"></status>
</kw>
<status status="PASS" starttime="20200716 23:19:31.994" endtime="20200716 23:19:42.861"></status>
</kw>
<kw name="Capture Page Screenshot" library="Selenium2Library">
<doc>Takes a screenshot of the current page and embeds it into a log file.</doc>
<msg timestamp="20200716 23:19:43.728" level="INFO" html="yes">&lt;/td&gt;&lt;/tr&gt;&lt;tr&gt;&lt;td colspan="3"&gt;&lt;a href="selenium-screenshot-5.png"&gt;&lt;img src="selenium-screenshot-5.png" width="800px"&gt;&lt;/a&gt;</msg>
<status status="PASS" starttime="20200716 23:19:42.861" endtime="20200716 23:19:43.728"></status>
</kw>
<status status="PASS" starttime="20200716 23:19:13.176" endtime="20200716 23:19:43.728"></status>
</kw>
<kw name="Scenario: Login page negative test" library="login_page">
<arguments>
<arg>${EMPTY}</arg>
<arg>pass123</arg>
<arg>This field is required.</arg>
<arg>${EMPTY}</arg>
<arg>${EMPTY}</arg>
</arguments>
<kw name="Given User is currently at Login page" library="login_page">
<kw name="Title Should Be" library="Selenium2Library">
<doc>Verifies that the current page title equals ``title``.</doc>
<arguments>
<arg>Optimy login</arg>
</arguments>
<msg timestamp="20200716 23:19:44.237" level="INFO">Page title is 'Optimy login'.</msg>
<status status="PASS" starttime="20200716 23:19:43.731" endtime="20200716 23:19:44.237"></status>
</kw>
<status status="PASS" starttime="20200716 23:19:43.730" endtime="20200716 23:19:44.237"></status>
</kw>
<kw name="When User inputs ${email} as email address" library="login_page">
<kw name="Set Test Variable" library="BuiltIn">
<doc>Makes a variable available everywhere within the scope of the current test.</doc>
<arguments>
<arg>${email}</arg>
<arg>${email_value}</arg>
</arguments>
<msg timestamp="20200716 23:19:44.239" level="INFO">${email} = </msg>
<status status="PASS" starttime="20200716 23:19:44.238" endtime="20200716 23:19:44.239"></status>
</kw>
<kw name="Input Text" library="Selenium2Library">
<doc>Types the given ``text`` into the text field identified by ``locator``.</doc>
<arguments>
<arg>${EMAIL_FIELD}</arg>
<arg>${email_value}</arg>
</arguments>
<msg timestamp="20200716 23:19:44.239" level="INFO">Typing text '' into text field '//input[contains(@class, 'email') and @autocomplete='on']'.</msg>
<status status="PASS" starttime="20200716 23:19:44.239" endtime="20200716 23:19:45.813"></status>
</kw>
<status status="PASS" starttime="20200716 23:19:44.238" endtime="20200716 23:19:45.813"></status>
</kw>
<kw name="And User inputs ${password} as password" library="login_page">
<kw name="Set Test Variable" library="BuiltIn">
<doc>Makes a variable available everywhere within the scope of the current test.</doc>
<arguments>
<arg>${password}</arg>
<arg>${password_value}</arg>
</arguments>
<msg timestamp="20200716 23:19:45.814" level="INFO">${password} = pass123</msg>
<status status="PASS" starttime="20200716 23:19:45.814" endtime="20200716 23:19:45.814"></status>
</kw>
<kw name="Input Text" library="Selenium2Library">
<doc>Types the given ``text`` into the text field identified by ``locator``.</doc>
<arguments>
<arg>${PASSWORD_FIELD}</arg>
<arg>${password_value}</arg>
</arguments>
<msg timestamp="20200716 23:19:45.815" level="INFO">Typing text 'pass123' into text field '//input[@type='password']'.</msg>
<status status="PASS" starttime="20200716 23:19:45.814" endtime="20200716 23:19:47.418"></status>
</kw>
<status status="PASS" starttime="20200716 23:19:45.813" endtime="20200716 23:19:47.418"></status>
</kw>
<kw name="And Clicks the login button" library="login_page">
<kw name="Click Element" library="Selenium2Library">
<doc>Click the element identified by ``locator``.</doc>
<arguments>
<arg>${LOGIN_BTN}</arg>
</arguments>
<msg timestamp="20200716 23:19:47.419" level="INFO">Clicking element '//button[contains(text(), 'Login')]'.</msg>
<status status="PASS" starttime="20200716 23:19:47.419" endtime="20200716 23:19:48.479"></status>
</kw>
<status status="PASS" starttime="20200716 23:19:47.418" endtime="20200716 23:19:48.480"></status>
</kw>
<kw name="Then Verify the error message for email field is ${email_inline_error_message}" library="login_page">
<kw name="Set Test Variable" library="BuiltIn">
<doc>Makes a variable available everywhere within the scope of the current test.</doc>
<arguments>
<arg>${email_inline_error_message}</arg>
<arg>${email_inline_error_value}</arg>
</arguments>
<msg timestamp="20200716 23:19:48.483" level="INFO">${email_inline_error_message} = This field is required.</msg>
<status status="PASS" starttime="20200716 23:19:48.482" endtime="20200716 23:19:48.483"></status>
</kw>
<kw name="Run Keyword And Return Status" library="BuiltIn">
<doc>Runs the given keyword with given arguments and returns the status as a Boolean value.</doc>
<arguments>
<arg>Wait Until Element Is Visible</arg>
<arg>${EMAIL_INLINE_ERROR}</arg>
<arg>10</arg>
</arguments>
<assign>
<var>${inline_error_present}</var>
</assign>
<kw name="Wait Until Element Is Visible" library="Selenium2Library">
<doc>Waits until the element ``locator`` is visible.</doc>
<arguments>
<arg>${EMAIL_INLINE_ERROR}</arg>
<arg>10</arg>
</arguments>
<status status="PASS" starttime="20200716 23:19:48.484" endtime="20200716 23:19:49.506"></status>
</kw>
<msg timestamp="20200716 23:19:49.506" level="INFO">${inline_error_present} = True</msg>
<status status="PASS" starttime="20200716 23:19:48.483" endtime="20200716 23:19:49.506"></status>
</kw>
<kw name="Run Keyword If" library="BuiltIn">
<doc>Runs the given keyword with the given arguments, if ``condition`` is true.</doc>
<arguments>
<arg>${inline_error_present}</arg>
<arg>Element Text Should Be</arg>
<arg>${EMAIL_INLINE_ERROR}</arg>
<arg>${email_inline_error_value}</arg>
</arguments>
<kw name="Element Text Should Be" library="Selenium2Library">
<doc>Verifies that element ``locator`` contains exact the text ``expected``.</doc>
<arguments>
<arg>${EMAIL_INLINE_ERROR}</arg>
<arg>${email_inline_error_value}</arg>
</arguments>
<msg timestamp="20200716 23:19:49.509" level="INFO">Verifying element '//span[@for='email']' contains exact text 'This field is required.'.</msg>
<status status="PASS" starttime="20200716 23:19:49.508" endtime="20200716 23:19:50.528"></status>
</kw>
<status status="PASS" starttime="20200716 23:19:49.507" endtime="20200716 23:19:50.528"></status>
</kw>
<status status="PASS" starttime="20200716 23:19:48.480" endtime="20200716 23:19:50.528"></status>
</kw>
<kw name="And Verify the error message for password field is ${password_inline_error_message}" library="login_page">
<kw name="Set Test Variable" library="BuiltIn">
<doc>Makes a variable available everywhere within the scope of the current test.</doc>
<arguments>
<arg>${password_inline_error_message}</arg>
<arg>${password_inline_error_value}</arg>
</arguments>
<msg timestamp="20200716 23:19:50.530" level="INFO">${password_inline_error_message} = </msg>
<status status="PASS" starttime="20200716 23:19:50.529" endtime="20200716 23:19:50.530"></status>
</kw>
<kw name="Run Keyword And Return Status" library="BuiltIn">
<doc>Runs the given keyword with given arguments and returns the status as a Boolean value.</doc>
<arguments>
<arg>Wait Until Element Is Visible</arg>
<arg>${PASSWORD_INLINE_ERROR}</arg>
<arg>10</arg>
</arguments>
<assign>
<var>${inline_error_present}</var>
</assign>
<kw name="Wait Until Element Is Visible" library="Selenium2Library">
<doc>Waits until the element ``locator`` is visible.</doc>
<arguments>
<arg>${PASSWORD_INLINE_ERROR}</arg>
<arg>10</arg>
</arguments>
<kw name="Capture Page Screenshot" library="Selenium2Library">
<doc>Takes a screenshot of the current page and embeds it into a log file.</doc>
<msg timestamp="20200716 23:20:02.441" level="INFO" html="yes">&lt;/td&gt;&lt;/tr&gt;&lt;tr&gt;&lt;td colspan="3"&gt;&lt;a href="selenium-screenshot-6.png"&gt;&lt;img src="selenium-screenshot-6.png" width="800px"&gt;&lt;/a&gt;</msg>
<status status="PASS" starttime="20200716 23:20:01.563" endtime="20200716 23:20:02.442"></status>
</kw>
<msg timestamp="20200716 23:20:02.442" level="FAIL">Element '//span[@for='password']' not visible after 10 seconds.</msg>
<status status="FAIL" starttime="20200716 23:19:50.530" endtime="20200716 23:20:02.442"></status>
</kw>
<msg timestamp="20200716 23:20:02.442" level="INFO">${inline_error_present} = False</msg>
<status status="PASS" starttime="20200716 23:19:50.530" endtime="20200716 23:20:02.443"></status>
</kw>
<kw name="Run Keyword If" library="BuiltIn">
<doc>Runs the given keyword with the given arguments, if ``condition`` is true.</doc>
<arguments>
<arg>${inline_error_present}</arg>
<arg>Element Text Should Be</arg>
<arg>${PASSWORD_INLINE_ERROR}</arg>
<arg>${password_inline_error_value}</arg>
</arguments>
<status status="PASS" starttime="20200716 23:20:02.443" endtime="20200716 23:20:02.443"></status>
</kw>
<status status="PASS" starttime="20200716 23:19:50.528" endtime="20200716 23:20:02.443"></status>
</kw>
<kw name="And Verify the error message from server is ${server_error_message}" library="login_page">
<kw name="Set Test Variable" library="BuiltIn">
<doc>Makes a variable available everywhere within the scope of the current test.</doc>
<arguments>
<arg>${server_error_message}</arg>
<arg>${server_error_value}</arg>
</arguments>
<msg timestamp="20200716 23:20:02.445" level="INFO">${server_error_message} = </msg>
<status status="PASS" starttime="20200716 23:20:02.444" endtime="20200716 23:20:02.445"></status>
</kw>
<kw name="Run Keyword And Return Status" library="BuiltIn">
<doc>Runs the given keyword with given arguments and returns the status as a Boolean value.</doc>
<arguments>
<arg>Wait Until Element Is Visible</arg>
<arg>${SERVER_ERROR}</arg>
<arg>10</arg>
</arguments>
<assign>
<var>${server_error_present}</var>
</assign>
<kw name="Wait Until Element Is Visible" library="Selenium2Library">
<doc>Waits until the element ``locator`` is visible.</doc>
<arguments>
<arg>${SERVER_ERROR}</arg>
<arg>10</arg>
</arguments>
<kw name="Capture Page Screenshot" library="Selenium2Library">
<doc>Takes a screenshot of the current page and embeds it into a log file.</doc>
<msg timestamp="20200716 23:20:14.029" level="INFO" html="yes">&lt;/td&gt;&lt;/tr&gt;&lt;tr&gt;&lt;td colspan="3"&gt;&lt;a href="selenium-screenshot-7.png"&gt;&lt;img src="selenium-screenshot-7.png" width="800px"&gt;&lt;/a&gt;</msg>
<status status="PASS" starttime="20200716 23:20:13.153" endtime="20200716 23:20:14.029"></status>
</kw>
<msg timestamp="20200716 23:20:14.029" level="FAIL">Element '//div[(contains(@class, 'alert-optimy-error') and not(contains(@class, 'hidden')))]' not visible after 10 seconds.</msg>
<status status="FAIL" starttime="20200716 23:20:02.446" endtime="20200716 23:20:14.030"></status>
</kw>
<msg timestamp="20200716 23:20:14.030" level="INFO">${server_error_present} = False</msg>
<status status="PASS" starttime="20200716 23:20:02.446" endtime="20200716 23:20:14.030"></status>
</kw>
<kw name="Run Keyword If" library="BuiltIn">
<doc>Runs the given keyword with the given arguments, if ``condition`` is true.</doc>
<arguments>
<arg>${server_error_present}</arg>
<arg>Element Text Should Be</arg>
<arg>${SERVER_ERROR}</arg>
<arg>${server_error_value}</arg>
</arguments>
<status status="PASS" starttime="20200716 23:20:14.030" endtime="20200716 23:20:14.031"></status>
</kw>
<status status="PASS" starttime="20200716 23:20:02.443" endtime="20200716 23:20:14.031"></status>
</kw>
<kw name="Capture Page Screenshot" library="Selenium2Library">
<doc>Takes a screenshot of the current page and embeds it into a log file.</doc>
<msg timestamp="20200716 23:20:14.907" level="INFO" html="yes">&lt;/td&gt;&lt;/tr&gt;&lt;tr&gt;&lt;td colspan="3"&gt;&lt;a href="selenium-screenshot-8.png"&gt;&lt;img src="selenium-screenshot-8.png" width="800px"&gt;&lt;/a&gt;</msg>
<status status="PASS" starttime="20200716 23:20:14.031" endtime="20200716 23:20:14.907"></status>
</kw>
<status status="PASS" starttime="20200716 23:19:43.729" endtime="20200716 23:20:14.908"></status>
</kw>
<kw name="Scenario: Login page negative test" library="login_page">
<arguments>
<arg>invalidemail.com</arg>
<arg>${EMPTY}</arg>
<arg>Please enter a valid email address (e.g.: john.smith@gmail.com).</arg>
<arg>This field is required.</arg>
<arg>${EMPTY}</arg>
</arguments>
<kw name="Given User is currently at Login page" library="login_page">
<kw name="Title Should Be" library="Selenium2Library">
<doc>Verifies that the current page title equals ``title``.</doc>
<arguments>
<arg>Optimy login</arg>
</arguments>
<msg timestamp="20200716 23:20:15.416" level="INFO">Page title is 'Optimy login'.</msg>
<status status="PASS" starttime="20200716 23:20:14.910" endtime="20200716 23:20:15.416"></status>
</kw>
<status status="PASS" starttime="20200716 23:20:14.909" endtime="20200716 23:20:15.417"></status>
</kw>
<kw name="When User inputs ${email} as email address" library="login_page">
<kw name="Set Test Variable" library="BuiltIn">
<doc>Makes a variable available everywhere within the scope of the current test.</doc>
<arguments>
<arg>${email}</arg>
<arg>${email_value}</arg>
</arguments>
<msg timestamp="20200716 23:20:15.418" level="INFO">${email} = invalidemail.com</msg>
<status status="PASS" starttime="20200716 23:20:15.418" endtime="20200716 23:20:15.418"></status>
</kw>
<kw name="Input Text" library="Selenium2Library">
<doc>Types the given ``text`` into the text field identified by ``locator``.</doc>
<arguments>
<arg>${EMAIL_FIELD}</arg>
<arg>${email_value}</arg>
</arguments>
<msg timestamp="20200716 23:20:15.419" level="INFO">Typing text 'invalidemail.com' into text field '//input[contains(@class, 'email') and @autocomplete='on']'.</msg>
<status status="PASS" starttime="20200716 23:20:15.419" endtime="20200716 23:20:17.060"></status>
</kw>
<status status="PASS" starttime="20200716 23:20:15.417" endtime="20200716 23:20:17.061"></status>
</kw>
<kw name="And User inputs ${password} as password" library="login_page">
<kw name="Set Test Variable" library="BuiltIn">
<doc>Makes a variable available everywhere within the scope of the current test.</doc>
<arguments>
<arg>${password}</arg>
<arg>${password_value}</arg>
</arguments>
<msg timestamp="20200716 23:20:17.064" level="INFO">${password} = </msg>
<status status="PASS" starttime="20200716 23:20:17.063" endtime="20200716 23:20:17.064"></status>
</kw>
<kw name="Input Text" library="Selenium2Library">
<doc>Types the given ``text`` into the text field identified by ``locator``.</doc>
<arguments>
<arg>${PASSWORD_FIELD}</arg>
<arg>${password_value}</arg>
</arguments>
<msg timestamp="20200716 23:20:17.065" level="INFO">Typing text '' into text field '//input[@type='password']'.</msg>
<status status="PASS" starttime="20200716 23:20:17.065" endtime="20200716 23:20:18.644"></status>
</kw>
<status status="PASS" starttime="20200716 23:20:17.061" endtime="20200716 23:20:18.644"></status>
</kw>
<kw name="And Clicks the login button" library="login_page">
<kw name="Click Element" library="Selenium2Library">
<doc>Click the element identified by ``locator``.</doc>
<arguments>
<arg>${LOGIN_BTN}</arg>
</arguments>
<msg timestamp="20200716 23:20:18.646" level="INFO">Clicking element '//button[contains(text(), 'Login')]'.</msg>
<status status="PASS" starttime="20200716 23:20:18.646" endtime="20200716 23:20:19.693"></status>
</kw>
<status status="PASS" starttime="20200716 23:20:18.645" endtime="20200716 23:20:19.693"></status>
</kw>
<kw name="Then Verify the error message for email field is ${email_inline_error_message}" library="login_page">
<kw name="Set Test Variable" library="BuiltIn">
<doc>Makes a variable available everywhere within the scope of the current test.</doc>
<arguments>
<arg>${email_inline_error_message}</arg>
<arg>${email_inline_error_value}</arg>
</arguments>
<msg timestamp="20200716 23:20:19.696" level="INFO">${email_inline_error_message} = Please enter a valid email address (e.g.: john.smith@gmail.com).</msg>
<status status="PASS" starttime="20200716 23:20:19.695" endtime="20200716 23:20:19.696"></status>
</kw>
<kw name="Run Keyword And Return Status" library="BuiltIn">
<doc>Runs the given keyword with given arguments and returns the status as a Boolean value.</doc>
<arguments>
<arg>Wait Until Element Is Visible</arg>
<arg>${EMAIL_INLINE_ERROR}</arg>
<arg>10</arg>
</arguments>
<assign>
<var>${inline_error_present}</var>
</assign>
<kw name="Wait Until Element Is Visible" library="Selenium2Library">
<doc>Waits until the element ``locator`` is visible.</doc>
<arguments>
<arg>${EMAIL_INLINE_ERROR}</arg>
<arg>10</arg>
</arguments>
<status status="PASS" starttime="20200716 23:20:19.696" endtime="20200716 23:20:20.720"></status>
</kw>
<msg timestamp="20200716 23:20:20.721" level="INFO">${inline_error_present} = True</msg>
<status status="PASS" starttime="20200716 23:20:19.696" endtime="20200716 23:20:20.721"></status>
</kw>
<kw name="Run Keyword If" library="BuiltIn">
<doc>Runs the given keyword with the given arguments, if ``condition`` is true.</doc>
<arguments>
<arg>${inline_error_present}</arg>
<arg>Element Text Should Be</arg>
<arg>${EMAIL_INLINE_ERROR}</arg>
<arg>${email_inline_error_value}</arg>
</arguments>
<kw name="Element Text Should Be" library="Selenium2Library">
<doc>Verifies that element ``locator`` contains exact the text ``expected``.</doc>
<arguments>
<arg>${EMAIL_INLINE_ERROR}</arg>
<arg>${email_inline_error_value}</arg>
</arguments>
<msg timestamp="20200716 23:20:20.722" level="INFO">Verifying element '//span[@for='email']' contains exact text 'Please enter a valid email address (e.g.: john.smith@gmail.com).'.</msg>
<status status="PASS" starttime="20200716 23:20:20.721" endtime="20200716 23:20:21.747"></status>
</kw>
<status status="PASS" starttime="20200716 23:20:20.721" endtime="20200716 23:20:21.748"></status>
</kw>
<status status="PASS" starttime="20200716 23:20:19.694" endtime="20200716 23:20:21.748"></status>
</kw>
<kw name="And Verify the error message for password field is ${password_inline_error_message}" library="login_page">
<kw name="Set Test Variable" library="BuiltIn">
<doc>Makes a variable available everywhere within the scope of the current test.</doc>
<arguments>
<arg>${password_inline_error_message}</arg>
<arg>${password_inline_error_value}</arg>
</arguments>
<msg timestamp="20200716 23:20:21.750" level="INFO">${password_inline_error_message} = This field is required.</msg>
<status status="PASS" starttime="20200716 23:20:21.749" endtime="20200716 23:20:21.750"></status>
</kw>
<kw name="Run Keyword And Return Status" library="BuiltIn">
<doc>Runs the given keyword with given arguments and returns the status as a Boolean value.</doc>
<arguments>
<arg>Wait Until Element Is Visible</arg>
<arg>${PASSWORD_INLINE_ERROR}</arg>
<arg>10</arg>
</arguments>
<assign>
<var>${inline_error_present}</var>
</assign>
<kw name="Wait Until Element Is Visible" library="Selenium2Library">
<doc>Waits until the element ``locator`` is visible.</doc>
<arguments>
<arg>${PASSWORD_INLINE_ERROR}</arg>
<arg>10</arg>
</arguments>
<status status="PASS" starttime="20200716 23:20:21.751" endtime="20200716 23:20:22.775"></status>
</kw>
<msg timestamp="20200716 23:20:22.775" level="INFO">${inline_error_present} = True</msg>
<status status="PASS" starttime="20200716 23:20:21.751" endtime="20200716 23:20:22.775"></status>
</kw>
<kw name="Run Keyword If" library="BuiltIn">
<doc>Runs the given keyword with the given arguments, if ``condition`` is true.</doc>
<arguments>
<arg>${inline_error_present}</arg>
<arg>Element Text Should Be</arg>
<arg>${PASSWORD_INLINE_ERROR}</arg>
<arg>${password_inline_error_value}</arg>
</arguments>
<kw name="Element Text Should Be" library="Selenium2Library">
<doc>Verifies that element ``locator`` contains exact the text ``expected``.</doc>
<arguments>
<arg>${PASSWORD_INLINE_ERROR}</arg>
<arg>${password_inline_error_value}</arg>
</arguments>
<msg timestamp="20200716 23:20:22.777" level="INFO">Verifying element '//span[@for='password']' contains exact text 'This field is required.'.</msg>
<status status="PASS" starttime="20200716 23:20:22.776" endtime="20200716 23:20:23.798"></status>
</kw>
<status status="PASS" starttime="20200716 23:20:22.776" endtime="20200716 23:20:23.799"></status>
</kw>
<status status="PASS" starttime="20200716 23:20:21.748" endtime="20200716 23:20:23.799"></status>
</kw>
<kw name="And Verify the error message from server is ${server_error_message}" library="login_page">
<kw name="Set Test Variable" library="BuiltIn">
<doc>Makes a variable available everywhere within the scope of the current test.</doc>
<arguments>
<arg>${server_error_message}</arg>
<arg>${server_error_value}</arg>
</arguments>
<msg timestamp="20200716 23:20:23.801" level="INFO">${server_error_message} = </msg>
<status status="PASS" starttime="20200716 23:20:23.800" endtime="20200716 23:20:23.801"></status>
</kw>
<kw name="Run Keyword And Return Status" library="BuiltIn">
<doc>Runs the given keyword with given arguments and returns the status as a Boolean value.</doc>
<arguments>
<arg>Wait Until Element Is Visible</arg>
<arg>${SERVER_ERROR}</arg>
<arg>10</arg>
</arguments>
<assign>
<var>${server_error_present}</var>
</assign>
<kw name="Wait Until Element Is Visible" library="Selenium2Library">
<doc>Waits until the element ``locator`` is visible.</doc>
<arguments>
<arg>${SERVER_ERROR}</arg>
<arg>10</arg>
</arguments>
<kw name="Capture Page Screenshot" library="Selenium2Library">
<doc>Takes a screenshot of the current page and embeds it into a log file.</doc>
<msg timestamp="20200716 23:20:34.674" level="INFO" html="yes">&lt;/td&gt;&lt;/tr&gt;&lt;tr&gt;&lt;td colspan="3"&gt;&lt;a href="selenium-screenshot-9.png"&gt;&lt;img src="selenium-screenshot-9.png" width="800px"&gt;&lt;/a&gt;</msg>
<status status="PASS" starttime="20200716 23:20:33.809" endtime="20200716 23:20:34.675"></status>
</kw>
<msg timestamp="20200716 23:20:34.675" level="FAIL">Element '//div[(contains(@class, 'alert-optimy-error') and not(contains(@class, 'hidden')))]' not visible after 10 seconds.</msg>
<status status="FAIL" starttime="20200716 23:20:23.802" endtime="20200716 23:20:34.675"></status>
</kw>
<msg timestamp="20200716 23:20:34.676" level="INFO">${server_error_present} = False</msg>
<status status="PASS" starttime="20200716 23:20:23.801" endtime="20200716 23:20:34.676"></status>
</kw>
<kw name="Run Keyword If" library="BuiltIn">
<doc>Runs the given keyword with the given arguments, if ``condition`` is true.</doc>
<arguments>
<arg>${server_error_present}</arg>
<arg>Element Text Should Be</arg>
<arg>${SERVER_ERROR}</arg>
<arg>${server_error_value}</arg>
</arguments>
<status status="PASS" starttime="20200716 23:20:34.676" endtime="20200716 23:20:34.676"></status>
</kw>
<status status="PASS" starttime="20200716 23:20:23.799" endtime="20200716 23:20:34.676"></status>
</kw>
<kw name="Capture Page Screenshot" library="Selenium2Library">
<doc>Takes a screenshot of the current page and embeds it into a log file.</doc>
<msg timestamp="20200716 23:20:35.539" level="INFO" html="yes">&lt;/td&gt;&lt;/tr&gt;&lt;tr&gt;&lt;td colspan="3"&gt;&lt;a href="selenium-screenshot-10.png"&gt;&lt;img src="selenium-screenshot-10.png" width="800px"&gt;&lt;/a&gt;</msg>
<status status="PASS" starttime="20200716 23:20:34.677" endtime="20200716 23:20:35.540"></status>
</kw>
<status status="PASS" starttime="20200716 23:20:14.908" endtime="20200716 23:20:35.540"></status>
</kw>
<kw name="Scenario: Login page negative test" library="login_page">
<arguments>
<arg>test@optimy.com</arg>
<arg>pass123</arg>
<arg>${EMPTY}</arg>
<arg>${EMPTY}</arg>
<arg>The email address or password is incorrect.</arg>
</arguments>
<kw name="Given User is currently at Login page" library="login_page">
<kw name="Title Should Be" library="Selenium2Library">
<doc>Verifies that the current page title equals ``title``.</doc>
<arguments>
<arg>Optimy login</arg>
</arguments>
<msg timestamp="20200716 23:20:36.048" level="INFO">Page title is 'Optimy login'.</msg>
<status status="PASS" starttime="20200716 23:20:35.542" endtime="20200716 23:20:36.048"></status>
</kw>
<status status="PASS" starttime="20200716 23:20:35.542" endtime="20200716 23:20:36.049"></status>
</kw>
<kw name="When User inputs ${email} as email address" library="login_page">
<kw name="Set Test Variable" library="BuiltIn">
<doc>Makes a variable available everywhere within the scope of the current test.</doc>
<arguments>
<arg>${email}</arg>
<arg>${email_value}</arg>
</arguments>
<msg timestamp="20200716 23:20:36.050" level="INFO">${email} = test@optimy.com</msg>
<status status="PASS" starttime="20200716 23:20:36.049" endtime="20200716 23:20:36.050"></status>
</kw>
<kw name="Input Text" library="Selenium2Library">
<doc>Types the given ``text`` into the text field identified by ``locator``.</doc>
<arguments>
<arg>${EMAIL_FIELD}</arg>
<arg>${email_value}</arg>
</arguments>
<msg timestamp="20200716 23:20:36.050" level="INFO">Typing text 'test@optimy.com' into text field '//input[contains(@class, 'email') and @autocomplete='on']'.</msg>
<status status="PASS" starttime="20200716 23:20:36.050" endtime="20200716 23:20:37.797"></status>
</kw>
<status status="PASS" starttime="20200716 23:20:36.049" endtime="20200716 23:20:37.797"></status>
</kw>
<kw name="And User inputs ${password} as password" library="login_page">
<kw name="Set Test Variable" library="BuiltIn">
<doc>Makes a variable available everywhere within the scope of the current test.</doc>
<arguments>
<arg>${password}</arg>
<arg>${password_value}</arg>
</arguments>
<msg timestamp="20200716 23:20:37.798" level="INFO">${password} = pass123</msg>
<status status="PASS" starttime="20200716 23:20:37.798" endtime="20200716 23:20:37.798"></status>
</kw>
<kw name="Input Text" library="Selenium2Library">
<doc>Types the given ``text`` into the text field identified by ``locator``.</doc>
<arguments>
<arg>${PASSWORD_FIELD}</arg>
<arg>${password_value}</arg>
</arguments>
<msg timestamp="20200716 23:20:37.799" level="INFO">Typing text 'pass123' into text field '//input[@type='password']'.</msg>
<status status="PASS" starttime="20200716 23:20:37.799" endtime="20200716 23:20:39.402"></status>
</kw>
<status status="PASS" starttime="20200716 23:20:37.797" endtime="20200716 23:20:39.403"></status>
</kw>
<kw name="And Clicks the login button" library="login_page">
<kw name="Click Element" library="Selenium2Library">
<doc>Click the element identified by ``locator``.</doc>
<arguments>
<arg>${LOGIN_BTN}</arg>
</arguments>
<msg timestamp="20200716 23:20:39.405" level="INFO">Clicking element '//button[contains(text(), 'Login')]'.</msg>
<status status="PASS" starttime="20200716 23:20:39.404" endtime="20200716 23:20:40.475"></status>
</kw>
<status status="PASS" starttime="20200716 23:20:39.403" endtime="20200716 23:20:40.475"></status>
</kw>
<kw name="Then Verify the error message for email field is ${email_inline_error_message}" library="login_page">
<kw name="Set Test Variable" library="BuiltIn">
<doc>Makes a variable available everywhere within the scope of the current test.</doc>
<arguments>
<arg>${email_inline_error_message}</arg>
<arg>${email_inline_error_value}</arg>
</arguments>
<msg timestamp="20200716 23:20:40.477" level="INFO">${email_inline_error_message} = </msg>
<status status="PASS" starttime="20200716 23:20:40.477" endtime="20200716 23:20:40.477"></status>
</kw>
<kw name="Run Keyword And Return Status" library="BuiltIn">
<doc>Runs the given keyword with given arguments and returns the status as a Boolean value.</doc>
<arguments>
<arg>Wait Until Element Is Visible</arg>
<arg>${EMAIL_INLINE_ERROR}</arg>
<arg>10</arg>
</arguments>
<assign>
<var>${inline_error_present}</var>
</assign>
<kw name="Wait Until Element Is Visible" library="Selenium2Library">
<doc>Waits until the element ``locator`` is visible.</doc>
<arguments>
<arg>${EMAIL_INLINE_ERROR}</arg>
<arg>10</arg>
</arguments>
<kw name="Capture Page Screenshot" library="Selenium2Library">
<doc>Takes a screenshot of the current page and embeds it into a log file.</doc>
<msg timestamp="20200716 23:20:52.402" level="INFO" html="yes">&lt;/td&gt;&lt;/tr&gt;&lt;tr&gt;&lt;td colspan="3"&gt;&lt;a href="selenium-screenshot-11.png"&gt;&lt;img src="selenium-screenshot-11.png" width="800px"&gt;&lt;/a&gt;</msg>
<status status="PASS" starttime="20200716 23:20:51.528" endtime="20200716 23:20:52.402"></status>
</kw>
<msg timestamp="20200716 23:20:52.402" level="FAIL">Element '//span[@for='email']' not visible after 10 seconds.</msg>
<status status="FAIL" starttime="20200716 23:20:40.478" endtime="20200716 23:20:52.403"></status>
</kw>
<msg timestamp="20200716 23:20:52.403" level="INFO">${inline_error_present} = False</msg>
<status status="PASS" starttime="20200716 23:20:40.478" endtime="20200716 23:20:52.403"></status>
</kw>
<kw name="Run Keyword If" library="BuiltIn">
<doc>Runs the given keyword with the given arguments, if ``condition`` is true.</doc>
<arguments>
<arg>${inline_error_present}</arg>
<arg>Element Text Should Be</arg>
<arg>${EMAIL_INLINE_ERROR}</arg>
<arg>${email_inline_error_value}</arg>
</arguments>
<status status="PASS" starttime="20200716 23:20:52.403" endtime="20200716 23:20:52.404"></status>
</kw>
<status status="PASS" starttime="20200716 23:20:40.476" endtime="20200716 23:20:52.404"></status>
</kw>
<kw name="And Verify the error message for password field is ${password_inline_error_message}" library="login_page">
<kw name="Set Test Variable" library="BuiltIn">
<doc>Makes a variable available everywhere within the scope of the current test.</doc>
<arguments>
<arg>${password_inline_error_message}</arg>
<arg>${password_inline_error_value}</arg>
</arguments>
<msg timestamp="20200716 23:20:52.405" level="INFO">${password_inline_error_message} = </msg>
<status status="PASS" starttime="20200716 23:20:52.405" endtime="20200716 23:20:52.405"></status>
</kw>
<kw name="Run Keyword And Return Status" library="BuiltIn">
<doc>Runs the given keyword with given arguments and returns the status as a Boolean value.</doc>
<arguments>
<arg>Wait Until Element Is Visible</arg>
<arg>${PASSWORD_INLINE_ERROR}</arg>
<arg>10</arg>
</arguments>
<assign>
<var>${inline_error_present}</var>
</assign>
<kw name="Wait Until Element Is Visible" library="Selenium2Library">
<doc>Waits until the element ``locator`` is visible.</doc>
<arguments>
<arg>${PASSWORD_INLINE_ERROR}</arg>
<arg>10</arg>
</arguments>
<kw name="Capture Page Screenshot" library="Selenium2Library">
<doc>Takes a screenshot of the current page and embeds it into a log file.</doc>
<msg timestamp="20200716 23:21:04.318" level="INFO" html="yes">&lt;/td&gt;&lt;/tr&gt;&lt;tr&gt;&lt;td colspan="3"&gt;&lt;a href="selenium-screenshot-12.png"&gt;&lt;img src="selenium-screenshot-12.png" width="800px"&gt;&lt;/a&gt;</msg>
<status status="PASS" starttime="20200716 23:21:03.446" endtime="20200716 23:21:04.318"></status>
</kw>
<msg timestamp="20200716 23:21:04.319" level="FAIL">Element '//span[@for='password']' not visible after 10 seconds.</msg>
<status status="FAIL" starttime="20200716 23:20:52.406" endtime="20200716 23:21:04.319"></status>
</kw>
<msg timestamp="20200716 23:21:04.319" level="INFO">${inline_error_present} = False</msg>
<status status="PASS" starttime="20200716 23:20:52.405" endtime="20200716 23:21:04.319"></status>
</kw>
<kw name="Run Keyword If" library="BuiltIn">
<doc>Runs the given keyword with the given arguments, if ``condition`` is true.</doc>
<arguments>
<arg>${inline_error_present}</arg>
<arg>Element Text Should Be</arg>
<arg>${PASSWORD_INLINE_ERROR}</arg>
<arg>${password_inline_error_value}</arg>
</arguments>
<status status="PASS" starttime="20200716 23:21:04.319" endtime="20200716 23:21:04.320"></status>
</kw>
<status status="PASS" starttime="20200716 23:20:52.404" endtime="20200716 23:21:04.320"></status>
</kw>
<kw name="And Verify the error message from server is ${server_error_message}" library="login_page">
<kw name="Set Test Variable" library="BuiltIn">
<doc>Makes a variable available everywhere within the scope of the current test.</doc>
<arguments>
<arg>${server_error_message}</arg>
<arg>${server_error_value}</arg>
</arguments>
<msg timestamp="20200716 23:21:04.321" level="INFO">${server_error_message} = The email address or password is incorrect.</msg>
<status status="PASS" starttime="20200716 23:21:04.321" endtime="20200716 23:21:04.321"></status>
</kw>
<kw name="Run Keyword And Return Status" library="BuiltIn">
<doc>Runs the given keyword with given arguments and returns the status as a Boolean value.</doc>
<arguments>
<arg>Wait Until Element Is Visible</arg>
<arg>${SERVER_ERROR}</arg>
<arg>10</arg>
</arguments>
<assign>
<var>${server_error_present}</var>
</assign>
<kw name="Wait Until Element Is Visible" library="Selenium2Library">
<doc>Waits until the element ``locator`` is visible.</doc>
<arguments>
<arg>${SERVER_ERROR}</arg>
<arg>10</arg>
</arguments>
<status status="PASS" starttime="20200716 23:21:04.322" endtime="20200716 23:21:05.346"></status>
</kw>
<msg timestamp="20200716 23:21:05.346" level="INFO">${server_error_present} = True</msg>
<status status="PASS" starttime="20200716 23:21:04.321" endtime="20200716 23:21:05.346"></status>
</kw>
<kw name="Run Keyword If" library="BuiltIn">
<doc>Runs the given keyword with the given arguments, if ``condition`` is true.</doc>
<arguments>
<arg>${server_error_present}</arg>
<arg>Element Text Should Be</arg>
<arg>${SERVER_ERROR}</arg>
<arg>${server_error_value}</arg>
</arguments>
<kw name="Element Text Should Be" library="Selenium2Library">
<doc>Verifies that element ``locator`` contains exact the text ``expected``.</doc>
<arguments>
<arg>${SERVER_ERROR}</arg>
<arg>${server_error_value}</arg>
</arguments>
<msg timestamp="20200716 23:21:05.348" level="INFO">Verifying element '//div[(contains(@class, 'alert-optimy-error') and not(contains(@class, 'hidden')))]' contains exact text 'The email address or password is incorrect.'.</msg>
<status status="PASS" starttime="20200716 23:21:05.347" endtime="20200716 23:21:06.373"></status>
</kw>
<status status="PASS" starttime="20200716 23:21:05.347" endtime="20200716 23:21:06.373"></status>
</kw>
<status status="PASS" starttime="20200716 23:21:04.320" endtime="20200716 23:21:06.374"></status>
</kw>
<kw name="Capture Page Screenshot" library="Selenium2Library">
<doc>Takes a screenshot of the current page and embeds it into a log file.</doc>
<msg timestamp="20200716 23:21:07.253" level="INFO" html="yes">&lt;/td&gt;&lt;/tr&gt;&lt;tr&gt;&lt;td colspan="3"&gt;&lt;a href="selenium-screenshot-13.png"&gt;&lt;img src="selenium-screenshot-13.png" width="800px"&gt;&lt;/a&gt;</msg>
<status status="PASS" starttime="20200716 23:21:06.374" endtime="20200716 23:21:07.254"></status>
</kw>
<status status="PASS" starttime="20200716 23:20:35.540" endtime="20200716 23:21:07.254"></status>
</kw>
<kw name="Close All Browsers" library="Selenium2Library" type="teardown">
<doc>Closes all open browsers and resets the browser cache.</doc>
<status status="PASS" starttime="20200716 23:21:07.255" endtime="20200716 23:21:07.857"></status>
</kw>
<status status="PASS" starttime="20200716 23:18:46.604" endtime="20200716 23:21:07.857" critical="yes"></status>
</test>
<doc>This test suite contains all the negative test scenarios of login page</doc>
<status status="PASS" starttime="20200716 23:18:46.340" endtime="20200716 23:21:07.859"></status>
</suite>
<statistics>
<total>
<stat pass="1" fail="0">Critical Tests</stat>
<stat pass="1" fail="0">All Tests</stat>
</total>
<tag>
</tag>
<suite>
<stat pass="1" fail="0" id="s1" name="VerifyAllValidationsForLoginTest">VerifyAllValidationsForLoginTest</stat>
</suite>
</statistics>
<errors>
</errors>
</robot>
